Using pre-set license
Built from '2022.3/staging' branch; Version is '2022.3.19f1 (244b723c30a6) revision 2378610'; Using compiler version '192829333'; Build Type 'Release'
OS: 'Windows 10  (10.0.19045) 64bit Professional' Language: 'pt' Physical Memory: 16089 MB
BatchMode: 1, IsHumanControllingUs: 0, StartBugReporterOnCrash: 0, Is64bit: 1, IsPro: 1

COMMAND LINE ARGUMENTS:
C:\Program Files\Unity\Hub\Editor\2022.3.19f1\Editor\Unity.exe
-adb2
-batchMode
-noUpm
-name
AssetImportWorker9
-projectPath
C:/Users/ra00346648/Documents/GitHub/GrimFacade
-logFile
Logs/AssetImportWorker9.log
-srvPort
63927
Successfully changed project path to: C:/Users/ra00346648/Documents/GitHub/GrimFacade
C:/Users/ra00346648/Documents/GitHub/GrimFacade
[UnityMemory] Configuration Parameters - Can be set up in boot.config
    "memorysetup-bucket-allocator-granularity=16"
    "memorysetup-bucket-allocator-bucket-count=8"
    "memorysetup-bucket-allocator-block-size=33554432"
    "memorysetup-bucket-allocator-block-count=8"
    "memorysetup-main-allocator-block-size=16777216"
    "memorysetup-thread-allocator-block-size=16777216"
    "memorysetup-gfx-main-allocator-block-size=16777216"
    "memorysetup-gfx-thread-allocator-block-size=16777216"
    "memorysetup-cache-allocator-block-size=4194304"
    "memorysetup-typetree-allocator-block-size=2097152"
    "memorysetup-profiler-bucket-allocator-granularity=16"
    "memorysetup-profiler-bucket-allocator-bucket-count=8"
    "memorysetup-profiler-bucket-allocator-block-size=33554432"
    "memorysetup-profiler-bucket-allocator-block-count=8"
    "memorysetup-profiler-allocator-block-size=16777216"
    "memorysetup-profiler-editor-allocator-block-size=1048576"
    "memorysetup-temp-allocator-size-main=16777216"
    "memorysetup-job-temp-allocator-block-size=2097152"
    "memorysetup-job-temp-allocator-block-size-background=1048576"
    "memorysetup-job-temp-allocator-reduction-small-platforms=262144"
    "memorysetup-allocator-temp-initial-block-size-main=262144"
    "memorysetup-allocator-temp-initial-block-size-worker=262144"
    "memorysetup-temp-allocator-size-background-worker=32768"
    "memorysetup-temp-allocator-size-job-worker=262144"
    "memorysetup-temp-allocator-size-preload-manager=33554432"
    "memorysetup-temp-allocator-size-nav-mesh-worker=65536"
    "memorysetup-temp-allocator-size-audio-worker=65536"
    "memorysetup-temp-allocator-size-cloud-worker=32768"
    "memorysetup-temp-allocator-size-gi-baking-worker=262144"
    "memorysetup-temp-allocator-size-gfx=262144"
Player connection [28544] Host "[IP] 172.17.11.23 [Port] 0 [Flags] 2 [Guid] 1797280679 [EditorId] 1797280679 [Version] 1048832 [Id] WindowsEditor(7,DSP-BRJ3055CJ9) [Debug] 1 [PackageName] WindowsEditor [ProjectName] Editor" joined multi-casting on [225.0.0.222:54997]...

Player connection [28544] Host "[IP] 172.17.11.23 [Port] 0 [Flags] 2 [Guid] 1797280679 [EditorId] 1797280679 [Version] 1048832 [Id] WindowsEditor(7,DSP-BRJ3055CJ9) [Debug] 1 [PackageName] WindowsEditor [ProjectName] Editor" joined alternative multi-casting on [225.0.0.222:34997]...

[Physics::Module] Initialized MultithreadedJobDispatcher with 19 workers.
Refreshing native plugins compatible for Editor in 1.43 ms, found 0 plugins.
Preloading 0 native plugins for Editor in 0.00 ms.
Initialize engine version: 2022.3.19f1 (244b723c30a6)
[Subsystems] Discovering subsystems at path C:/Program Files/Unity/Hub/Editor/2022.3.19f1/Editor/Data/Resources/UnitySubsystems
[Subsystems] Discovering subsystems at path C:/Users/ra00346648/Documents/GitHub/GrimFacade/Assets
GfxDevice: creating device client; threaded=0; jobified=0
Direct3D:
    Version:  Direct3D 11.0 [level 11.1]
    Renderer: NVIDIA T400 4GB (ID=0x1ff2)
    Vendor:   NVIDIA
    VRAM:     3943 MB
    Driver:   31.0.15.5123
Initialize mono
Mono path[0] = 'C:/Program Files/Unity/Hub/Editor/2022.3.19f1/Editor/Data/Managed'
Mono path[1] = 'C:/Program Files/Unity/Hub/Editor/2022.3.19f1/Editor/Data/MonoBleedingEdge/lib/mono/unityjit-win32'
Mono config path = 'C:/Program Files/Unity/Hub/Editor/2022.3.19f1/Editor/Data/MonoBleedingEdge/etc'
Using monoOptions --debugger-agent=transport=dt_socket,embedding=1,server=y,suspend=n,address=127.0.0.1:56148
Begin MonoManager ReloadAssembly
Registering precompiled unity dll's ...
Register platform support module: C:/Program Files/Unity/Hub/Editor/2022.3.19f1/Editor/Data/PlaybackEngines/AndroidPlayer/UnityEditor.Android.Extensions.dll
Register platform support module: C:/Program Files/Unity/Hub/Editor/2022.3.19f1/Editor/Data/PlaybackEngines/iOSSupport/UnityEditor.iOS.Extensions.dll
Register platform support module: C:/Program Files/Unity/Hub/Editor/2022.3.19f1/Editor/Data/PlaybackEngines/WindowsStandaloneSupport/UnityEditor.WindowsStandalone.Extensions.dll
Registered in 0.010971 seconds.
- Loaded All Assemblies, in  0.434 seconds
Native extension for WindowsStandalone target not found
[usbmuxd] Start listen thread
[usbmuxd] Listen thread started
Native extension for iOS target not found
Native extension for Android target not found
Android Extension - Scanning For ADB Devices 275 ms
Mono: successfully reloaded assembly
- Finished resetting the current domain, in  0.660 seconds
Domain Reload Profiling: 1094ms
	BeginReloadAssembly (137ms)
		ExecutionOrderSort (0ms)
		DisableScriptedObjects (0ms)
		BackupInstance (0ms)
		ReleaseScriptingObjects (0ms)
		CreateAndSetChildDomain (1ms)
	RebuildCommonClasses (41ms)
	RebuildNativeTypeToScriptingClass (14ms)
	initialDomainReloadingComplete (71ms)
	LoadAllAssembliesAndSetupDomain (171ms)
		LoadAssemblies (137ms)
		RebuildTransferFunctionScriptingTraits (0ms)
		AnalyzeDomain (168ms)
			TypeCache.Refresh (166ms)
				TypeCache.ScanAssembly (151ms)
			ScanForSourceGeneratedMonoScriptInfo (0ms)
			ResolveRequiredComponents (1ms)
	FinalizeReload (661ms)
		ReleaseScriptCaches (0ms)
		RebuildScriptCaches (0ms)
		SetupLoadedEditorAssemblies (594ms)
			LogAssemblyErrors (0ms)
			InitializePlatformSupportModulesInManaged (408ms)
			SetLoadedEditorAssemblies (4ms)
			RefreshPlugins (0ms)
			BeforeProcessingInitializeOnLoad (2ms)
			ProcessInitializeOnLoadAttributes (129ms)
			ProcessInitializeOnLoadMethodAttributes (52ms)
			AfterProcessingInitializeOnLoad (0ms)
			EditorAssembliesLoaded (0ms)
		ExecutionOrderSort2 (0ms)
		AwakeInstancesAfterBackupRestoration (0ms)
========================================================================
Worker process is ready to serve import requests
Begin MonoManager ReloadAssembly
- Loaded All Assemblies, in  0.429 seconds
Refreshing native plugins compatible for Editor in 0.58 ms, found 0 plugins.
Native extension for WindowsStandalone target not found
Native extension for iOS target not found
Native extension for Android target not found
Mono: successfully reloaded assembly
- Finished resetting the current domain, in  0.465 seconds
Domain Reload Profiling: 893ms
	BeginReloadAssembly (152ms)
		ExecutionOrderSort (0ms)
		DisableScriptedObjects (6ms)
		BackupInstance (0ms)
		ReleaseScriptingObjects (0ms)
		CreateAndSetChildDomain (21ms)
	RebuildCommonClasses (38ms)
	RebuildNativeTypeToScriptingClass (13ms)
	initialDomainReloadingComplete (42ms)
	LoadAllAssembliesAndSetupDomain (183ms)
		LoadAssemblies (213ms)
		RebuildTransferFunctionScriptingTraits (0ms)
		AnalyzeDomain (58ms)
			TypeCache.Refresh (47ms)
				TypeCache.ScanAssembly (35ms)
			ScanForSourceGeneratedMonoScriptInfo (8ms)
			ResolveRequiredComponents (3ms)
	FinalizeReload (465ms)
		ReleaseScriptCaches (0ms)
		RebuildScriptCaches (0ms)
		SetupLoadedEditorAssemblies (305ms)
			LogAssemblyErrors (0ms)
			InitializePlatformSupportModulesInManaged (38ms)
			SetLoadedEditorAssemblies (3ms)
			RefreshPlugins (0ms)
			BeforeProcessingInitializeOnLoad (44ms)
			ProcessInitializeOnLoadAttributes (179ms)
			ProcessInitializeOnLoadMethodAttributes (36ms)
			AfterProcessingInitializeOnLoad (5ms)
			EditorAssembliesLoaded (0ms)
		ExecutionOrderSort2 (0ms)
		AwakeInstancesAfterBackupRestoration (8ms)
Launched and connected shader compiler UnityShaderCompiler.exe after 0.04 seconds
Refreshing native plugins compatible for Editor in 0.27 ms, found 0 plugins.
Preloading 0 native plugins for Editor in 0.00 ms.
Unloading 1125 Unused Serialized files (Serialized files now loaded: 0)
Unloading 20 unused Assets / (52.5 KB). Loaded Objects now: 1604.
Memory consumption went from 82.5 MB to 82.5 MB.
Total: 2.102100 ms (FindLiveObjects: 0.075900 ms CreateObjectMapping: 0.020300 ms MarkObjects: 1.937900 ms  DeleteObjects: 0.067200 ms)

AssetImportParameters requested are different than current active one (requested -> active):
  custom:video-encoder-webm-vp8: eb34c28f22e8b96e1ab97ce403110664 -> 
  custom:video-decoder-webm-vp8: 9c59270c3fd7afecdb556c50c9e8de78 -> 
  custom:audio-decoder-ogg-vorbis: bf7c407c2cedff20999df2af8eb42d56 -> 
  custom:SearchIndexIgnoredProperties: e643bd26f0fe6173181afceb89e7c659 -> 
  custom:container-demuxer-ogg: 62fdf1f143b41e24485cea50d1cbac27 -> 
  custom:AudioImporter_EditorPlatform: d09bf68614088b80899f8185d706f6e7 -> 
  custom:CustomObjectIndexerAttribute: 6d391050e5a25f67b0a2c618074f2cd9 -> 
  custom:container-demuxer-webm: 4f35f7cbe854078d1ac9338744f61a02 -> 
  custom:video-decoder-ogg-theora: a1e56fd34408186e4bbccfd4996cb3dc -> 
  custom:audio-encoder-webm-vorbis: bf7c407c2cedff20999df2af8eb42d56 -> 
  custom:framework-win-MediaFoundation: 216162199b28c13a410421893ffa2e32 -> 
  custom:container-muxer-webm: aa71ff27fc2769a1b78a27578f13a17b -> 
========================================================================
Received Import Request.
  Time since last request: 129858.171933 seconds.
  path: Assets/Sprites/Free Pixel Art Forest/Free Pixel Art Forest/PNG/Background layers/Layer_0003_6.png
  artifactKey: Guid(71807f0a05274554781eb87374ef791d) Importer(815301076,1909f56bfc062723c751e8b465ee728b)
Start importing Assets/Sprites/Free Pixel Art Forest/Free Pixel Art Forest/PNG/Background layers/Layer_0003_6.png using Guid(71807f0a05274554781eb87374ef791d) Importer(815301076,1909f56bfc062723c751e8b465ee728b)  -> (artifact id: '0d1b7c1c59585887db72c09a126334d6') in 0.215835 seconds
Number of updated asset objects reloaded before import = 0
Number of asset objects unloaded after import = 3
========================================================================
Received Import Request.
  Time since last request: 0.000019 seconds.
  path: Assets/Sprites/Free Pixel Art Forest/Free Pixel Art Forest/PNG/Background layers/Layer_0007_Lights.png
  artifactKey: Guid(650c3881bc734154aac0040db3ed7a9c) Importer(815301076,1909f56bfc062723c751e8b465ee728b)
Start importing Assets/Sprites/Free Pixel Art Forest/Free Pixel Art Forest/PNG/Background layers/Layer_0007_Lights.png using Guid(650c3881bc734154aac0040db3ed7a9c) Importer(815301076,1909f56bfc062723c751e8b465ee728b)  -> (artifact id: 'c8c5b337ee7dbdea56ec503a05ea5189') in 0.093742 seconds
Number of updated asset objects reloaded before import = 0
Number of asset objects unloaded after import = 3
========================================================================
Received Import Request.
  Time since last request: 56.233518 seconds.
  path: Assets/Sprites/Free Pixel Art Forest/Free Pixel Art Forest/You may also like/Pixel Art Snowy Forest.png
  artifactKey: Guid(7b769b7216746934b8d1b6d0cfe71ab0) Importer(815301076,1909f56bfc062723c751e8b465ee728b)
Start importing Assets/Sprites/Free Pixel Art Forest/Free Pixel Art Forest/You may also like/Pixel Art Snowy Forest.png using Guid(7b769b7216746934b8d1b6d0cfe71ab0) Importer(815301076,1909f56bfc062723c751e8b465ee728b)  -> (artifact id: '30e4887dd61d341c0773008aed072fea') in 0.049398 seconds
Number of updated asset objects reloaded before import = 0
Number of asset objects unloaded after import = 3
========================================================================
Received Import Request.
  Time since last request: 610.613696 seconds.
  path: Assets/Sprites/Tilesetv3.png
  artifactKey: Guid(1826911b01ad23640887ef58f5335744) Importer(815301076,1909f56bfc062723c751e8b465ee728b)
Start importing Assets/Sprites/Tilesetv3.png using Guid(1826911b01ad23640887ef58f5335744) Importer(815301076,1909f56bfc062723c751e8b465ee728b)  -> (artifact id: '8886fc931fc7fb64a3a3d0b08916861e') in 0.027450 seconds
Number of updated asset objects reloaded before import = 0
Number of asset objects unloaded after import = 3
========================================================================
Received Import Request.
  Time since last request: 373.812483 seconds.
  path: Assets/Sprites/Tiles/16_32.png
  artifactKey: Guid(a67015f7c9d85dd40ac9aa73a6afdbbf) Importer(815301076,1909f56bfc062723c751e8b465ee728b)
Start importing Assets/Sprites/Tiles/16_32.png using Guid(a67015f7c9d85dd40ac9aa73a6afdbbf) Importer(815301076,1909f56bfc062723c751e8b465ee728b)  -> (artifact id: '0a537275c11d7bd60a132801ae2e25c2') in 0.037670 seconds
Number of updated asset objects reloaded before import = 0
Number of asset objects unloaded after import = 3
========================================================================
Received Import Request.
  Time since last request: 0.000025 seconds.
  path: Assets/Sprites/Tiles/48_16.png
  artifactKey: Guid(1f0c0abf6baae2a4e90b3cfba949c890) Importer(815301076,1909f56bfc062723c751e8b465ee728b)
Start importing Assets/Sprites/Tiles/48_16.png using Guid(1f0c0abf6baae2a4e90b3cfba949c890) Importer(815301076,1909f56bfc062723c751e8b465ee728b)  -> (artifact id: '96d2785f9edea964b9f54873dec56f9e') in 0.024199 seconds
Number of updated asset objects reloaded before import = 0
Number of asset objects unloaded after import = 3
========================================================================
Received Import Request.
  Time since last request: 0.000023 seconds.
  path: Assets/Sprites/Tiles/16_112.png
  artifactKey: Guid(f79ec64ff27945b43ba4cdde62a8ba79) Importer(815301076,1909f56bfc062723c751e8b465ee728b)
Start importing Assets/Sprites/Tiles/16_112.png using Guid(f79ec64ff27945b43ba4cdde62a8ba79) Importer(815301076,1909f56bfc062723c751e8b465ee728b)  -> (artifact id: 'f074a11ef4900b4795dc249225ebe793') in 0.020608 seconds
Number of updated asset objects reloaded before import = 0
Number of asset objects unloaded after import = 3
========================================================================
Received Import Request.
  Time since last request: 0.000027 seconds.
  path: Assets/Sprites/Tiles/32_160.png
  artifactKey: Guid(7b7e56bb07d73884eb34fd142321a2dc) Importer(815301076,1909f56bfc062723c751e8b465ee728b)
Start importing Assets/Sprites/Tiles/32_160.png using Guid(7b7e56bb07d73884eb34fd142321a2dc) Importer(815301076,1909f56bfc062723c751e8b465ee728b)  -> (artifact id: '9b23a2ff5fdd4d6505f5a9bef93013f5') in 0.016976 seconds
Number of updated asset objects reloaded before import = 0
Number of asset objects unloaded after import = 3
========================================================================
Received Import Request.
  Time since last request: 0.000024 seconds.
  path: Assets/Sprites/Tiles/32_112.png
  artifactKey: Guid(4e73af092ed430141823ffe833373e51) Importer(815301076,1909f56bfc062723c751e8b465ee728b)
Start importing Assets/Sprites/Tiles/32_112.png using Guid(4e73af092ed430141823ffe833373e51) Importer(815301076,1909f56bfc062723c751e8b465ee728b)  -> (artifact id: 'b7a0858705b1b91847e46a6d18821f78') in 0.019149 seconds
Number of updated asset objects reloaded before import = 0
Number of asset objects unloaded after import = 3
========================================================================
Received Import Request.
  Time since last request: 0.000025 seconds.
  path: Assets/Sprites/Tiles/48_96.png
  artifactKey: Guid(8972732803ad3614689ca893339fabe6) Importer(815301076,1909f56bfc062723c751e8b465ee728b)
Start importing Assets/Sprites/Tiles/48_96.png using Guid(8972732803ad3614689ca893339fabe6) Importer(815301076,1909f56bfc062723c751e8b465ee728b)  -> (artifact id: '86bd00f79d3f578a14a4755b902a85dc') in 0.018232 seconds
Number of updated asset objects reloaded before import = 0
Number of asset objects unloaded after import = 3
========================================================================
Received Import Request.
  Time since last request: 0.000020 seconds.
  path: Assets/Sprites/Tiles/112_96.png
  artifactKey: Guid(df4801d9499f49541ace452552e8edf5) Importer(815301076,1909f56bfc062723c751e8b465ee728b)
Start importing Assets/Sprites/Tiles/112_96.png using Guid(df4801d9499f49541ace452552e8edf5) Importer(815301076,1909f56bfc062723c751e8b465ee728b)  -> (artifact id: 'e8dc521275f64868a0f8eb52f0688de4') in 0.017228 seconds
Number of updated asset objects reloaded before import = 0
Number of asset objects unloaded after import = 3
========================================================================
Received Import Request.
  Time since last request: 0.000020 seconds.
  path: Assets/Sprites/Tiles/128_16.png
  artifactKey: Guid(cf3d6cf7e5e5b9e46bd4d52ea0b45978) Importer(815301076,1909f56bfc062723c751e8b465ee728b)
Start importing Assets/Sprites/Tiles/128_16.png using Guid(cf3d6cf7e5e5b9e46bd4d52ea0b45978) Importer(815301076,1909f56bfc062723c751e8b465ee728b)  -> (artifact id: '46f8260c2040da6bb12d8ac00534559c') in 0.024412 seconds
Number of updated asset objects reloaded before import = 0
Number of asset objects unloaded after import = 3
========================================================================
Received Import Request.
  Time since last request: 0.000372 seconds.
  path: Assets/Sprites/Tiles/48_48.png
  artifactKey: Guid(ea64f0a99ba2cd24eac59dd8a37987f7) Importer(815301076,1909f56bfc062723c751e8b465ee728b)
Start importing Assets/Sprites/Tiles/48_48.png using Guid(ea64f0a99ba2cd24eac59dd8a37987f7) Importer(815301076,1909f56bfc062723c751e8b465ee728b)  -> (artifact id: 'f40add37693e421586ba654b20c9e54a') in 0.018262 seconds
Number of updated asset objects reloaded before import = 0
Number of asset objects unloaded after import = 3
========================================================================
Received Import Request.
  Time since last request: 0.000022 seconds.
  path: Assets/Sprites/Tiles/16_80.png
  artifactKey: Guid(1d5af8cad5c40a148a8a6515cf0c1309) Importer(815301076,1909f56bfc062723c751e8b465ee728b)
Start importing Assets/Sprites/Tiles/16_80.png using Guid(1d5af8cad5c40a148a8a6515cf0c1309) Importer(815301076,1909f56bfc062723c751e8b465ee728b)  -> (artifact id: '1968ac1948e4e09cbb216a90bf5767b6') in 0.017116 seconds
Number of updated asset objects reloaded before import = 0
Number of asset objects unloaded after import = 3
========================================================================
Received Import Request.
  Time since last request: 0.000023 seconds.
  path: Assets/Sprites/Tiles/16_176.png
  artifactKey: Guid(56fc3643e44299a469c63220ecb7741a) Importer(815301076,1909f56bfc062723c751e8b465ee728b)
Start importing Assets/Sprites/Tiles/16_176.png using Guid(56fc3643e44299a469c63220ecb7741a) Importer(815301076,1909f56bfc062723c751e8b465ee728b)  -> (artifact id: '49ef961f93c022bb1e901fee3ab385bd') in 0.019395 seconds
Number of updated asset objects reloaded before import = 0
Number of asset objects unloaded after import = 3
========================================================================
Received Import Request.
  Time since last request: 0.001816 seconds.
  path: Assets/Sprites/Tiles/32_144.png
  artifactKey: Guid(1c1a5b83a384b5140b088d13a6ea56d3) Importer(815301076,1909f56bfc062723c751e8b465ee728b)
Start importing Assets/Sprites/Tiles/32_144.png using Guid(1c1a5b83a384b5140b088d13a6ea56d3) Importer(815301076,1909f56bfc062723c751e8b465ee728b)  -> (artifact id: 'c92aecdd02ed9be83600399be3936094') in 0.017838 seconds
Number of updated asset objects reloaded before import = 0
Number of asset objects unloaded after import = 3
========================================================================
Received Import Request.
  Time since last request: 0.000015 seconds.
  path: Assets/Sprites/Tiles/96_32.png
  artifactKey: Guid(fed0e28ed79f99e498e1a7fc580337bb) Importer(815301076,1909f56bfc062723c751e8b465ee728b)
Start importing Assets/Sprites/Tiles/96_32.png using Guid(fed0e28ed79f99e498e1a7fc580337bb) Importer(815301076,1909f56bfc062723c751e8b465ee728b)  -> (artifact id: '6cfbc72345fbdf492595ca9cfaef47cd') in 0.018262 seconds
Number of updated asset objects reloaded before import = 0
Number of asset objects unloaded after import = 3
========================================================================
Received Import Request.
  Time since last request: 0.000022 seconds.
  path: Assets/Sprites/Tiles/32_208.png
  artifactKey: Guid(d32ca04aac237db47a0545dd42125be7) Importer(815301076,1909f56bfc062723c751e8b465ee728b)
Start importing Assets/Sprites/Tiles/32_208.png using Guid(d32ca04aac237db47a0545dd42125be7) Importer(815301076,1909f56bfc062723c751e8b465ee728b)  -> (artifact id: '304198d6e10bd15f4a9bd0bce0a52314') in 0.018862 seconds
Number of updated asset objects reloaded before import = 0
Number of asset objects unloaded after import = 3
========================================================================
Received Import Request.
  Time since last request: 0.000019 seconds.
  path: Assets/Sprites/Tiles/96_80.png
  artifactKey: Guid(925a9153fe176ce47be37136d2efadd1) Importer(815301076,1909f56bfc062723c751e8b465ee728b)
Start importing Assets/Sprites/Tiles/96_80.png using Guid(925a9153fe176ce47be37136d2efadd1) Importer(815301076,1909f56bfc062723c751e8b465ee728b)  -> (artifact id: '91001f12ae2f5dd5a470758800e719e7') in 0.023790 seconds
Number of updated asset objects reloaded before import = 0
Number of asset objects unloaded after import = 3
========================================================================
Received Import Request.
  Time since last request: 0.000193 seconds.
  path: Assets/Sprites/Tiles/112_160.png
  artifactKey: Guid(0804fa6ed82ccd54a91d880cefb268e7) Importer(815301076,1909f56bfc062723c751e8b465ee728b)
Start importing Assets/Sprites/Tiles/112_160.png using Guid(0804fa6ed82ccd54a91d880cefb268e7) Importer(815301076,1909f56bfc062723c751e8b465ee728b)  -> (artifact id: '8dd390ccf68f12eef2131208cd99bc15') in 0.019288 seconds
Number of updated asset objects reloaded before import = 0
Number of asset objects unloaded after import = 3
========================================================================
Received Import Request.
  Time since last request: 0.000021 seconds.
  path: Assets/Sprites/Tiles/16_144.png
  artifactKey: Guid(a7186353680de6d4ab67c2652877a2f1) Importer(815301076,1909f56bfc062723c751e8b465ee728b)
Start importing Assets/Sprites/Tiles/16_144.png using Guid(a7186353680de6d4ab67c2652877a2f1) Importer(815301076,1909f56bfc062723c751e8b465ee728b)  -> (artifact id: '860350054aba16ebd30a2b31c53eb133') in 0.016339 seconds
Number of updated asset objects reloaded before import = 0
Number of asset objects unloaded after import = 3
========================================================================
Received Import Request.
  Time since last request: 0.000017 seconds.
  path: Assets/Sprites/Tiles/112_112.png
  artifactKey: Guid(0d95218ffd0aaf5479636151f9095710) Importer(815301076,1909f56bfc062723c751e8b465ee728b)
Start importing Assets/Sprites/Tiles/112_112.png using Guid(0d95218ffd0aaf5479636151f9095710) Importer(815301076,1909f56bfc062723c751e8b465ee728b)  -> (artifact id: '03b8d8517f88923baa372b17c5bed049') in 0.019587 seconds
Number of updated asset objects reloaded before import = 0
Number of asset objects unloaded after import = 3
========================================================================
Received Import Request.
  Time since last request: 0.000025 seconds.
  path: Assets/Sprites/Tiles/16_48.png
  artifactKey: Guid(7fa86315bc01c80419f0a0178c4c27a6) Importer(815301076,1909f56bfc062723c751e8b465ee728b)
Start importing Assets/Sprites/Tiles/16_48.png using Guid(7fa86315bc01c80419f0a0178c4c27a6) Importer(815301076,1909f56bfc062723c751e8b465ee728b)  -> (artifact id: '7187b0dd32e9e4b93c85072990e91372') in 0.018360 seconds
Number of updated asset objects reloaded before import = 0
Number of asset objects unloaded after import = 3
========================================================================
Received Import Request.
  Time since last request: 0.000018 seconds.
  path: Assets/Sprites/Tiles/32_176.png
  artifactKey: Guid(c719b830353719a4b8f07019aae1a9ca) Importer(815301076,1909f56bfc062723c751e8b465ee728b)
Start importing Assets/Sprites/Tiles/32_176.png using Guid(c719b830353719a4b8f07019aae1a9ca) Importer(815301076,1909f56bfc062723c751e8b465ee728b)  -> (artifact id: 'af51ab310cc5f88fd0c7f5edb6bb01b2') in 0.018538 seconds
Number of updated asset objects reloaded before import = 0
Number of asset objects unloaded after import = 3
========================================================================
Received Import Request.
  Time since last request: 0.000036 seconds.
  path: Assets/Sprites/Tiles/80_176.png
  artifactKey: Guid(a1702617566466a4fb211375824b2909) Importer(815301076,1909f56bfc062723c751e8b465ee728b)
Start importing Assets/Sprites/Tiles/80_176.png using Guid(a1702617566466a4fb211375824b2909) Importer(815301076,1909f56bfc062723c751e8b465ee728b)  -> (artifact id: 'af1523f1fdbffa177c5bef2092f85286') in 0.017372 seconds
Number of updated asset objects reloaded before import = 0
Number of asset objects unloaded after import = 3
========================================================================
Received Import Request.
  Time since last request: 0.000017 seconds.
  path: Assets/Sprites/Tiles/80_80.png
  artifactKey: Guid(caa768062ddd72a43bf5f5b5970ca239) Importer(815301076,1909f56bfc062723c751e8b465ee728b)
Start importing Assets/Sprites/Tiles/80_80.png using Guid(caa768062ddd72a43bf5f5b5970ca239) Importer(815301076,1909f56bfc062723c751e8b465ee728b)  -> (artifact id: 'a1ac742a60e5de56b9d6ad11d12bba24') in 0.016379 seconds
Number of updated asset objects reloaded before import = 0
Number of asset objects unloaded after import = 3
========================================================================
Received Import Request.
  Time since last request: 0.000022 seconds.
  path: Assets/Sprites/Tiles/48_144.png
  artifactKey: Guid(16b451eb266a9e3428bd95a48109a04e) Importer(815301076,1909f56bfc062723c751e8b465ee728b)
Start importing Assets/Sprites/Tiles/48_144.png using Guid(16b451eb266a9e3428bd95a48109a04e) Importer(815301076,1909f56bfc062723c751e8b465ee728b)  -> (artifact id: 'a3e741e0e6cfe5994edc460775959722') in 0.016104 seconds
Number of updated asset objects reloaded before import = 0
Number of asset objects unloaded after import = 3
========================================================================
Received Import Request.
  Time since last request: 0.000025 seconds.
  path: Assets/Sprites/Tiles/32_80.png
  artifactKey: Guid(85ca65538ce6d7544b3ea54ab4bea1f0) Importer(815301076,1909f56bfc062723c751e8b465ee728b)
Start importing Assets/Sprites/Tiles/32_80.png using Guid(85ca65538ce6d7544b3ea54ab4bea1f0) Importer(815301076,1909f56bfc062723c751e8b465ee728b)  -> (artifact id: '12835cd9a6037a11e09ceda60dfa4724') in 0.017849 seconds
Number of updated asset objects reloaded before import = 0
Number of asset objects unloaded after import = 3
========================================================================
Received Import Request.
  Time since last request: 0.000022 seconds.
  path: Assets/Sprites/Tiles/80_160.png
  artifactKey: Guid(c9cc911370ad5a84a90159b0a4034e84) Importer(815301076,1909f56bfc062723c751e8b465ee728b)
Start importing Assets/Sprites/Tiles/80_160.png using Guid(c9cc911370ad5a84a90159b0a4034e84) Importer(815301076,1909f56bfc062723c751e8b465ee728b)  -> (artifact id: 'ba6c6a383d58fb54adb7697685c18449') in 0.018321 seconds
Number of updated asset objects reloaded before import = 0
Number of asset objects unloaded after import = 3
========================================================================
Received Import Request.
  Time since last request: 0.000021 seconds.
  path: Assets/Sprites/Tiles/48_112.png
  artifactKey: Guid(242ee19ff5e38934398dd24913908746) Importer(815301076,1909f56bfc062723c751e8b465ee728b)
Start importing Assets/Sprites/Tiles/48_112.png using Guid(242ee19ff5e38934398dd24913908746) Importer(815301076,1909f56bfc062723c751e8b465ee728b)  -> (artifact id: '3e631f1a6d17877747713e0e4462e0b4') in 0.019308 seconds
Number of updated asset objects reloaded before import = 0
Number of asset objects unloaded after import = 3
========================================================================
Received Import Request.
  Time since last request: 8.772068 seconds.
  path: Assets/Sprites/Tiles/128_96.png
  artifactKey: Guid(1515e0fdbec15b94ea5bfdf0a45f3672) Importer(815301076,1909f56bfc062723c751e8b465ee728b)
Start importing Assets/Sprites/Tiles/128_96.png using Guid(1515e0fdbec15b94ea5bfdf0a45f3672) Importer(815301076,1909f56bfc062723c751e8b465ee728b)  -> (artifact id: '7b3c8b73f4bd963b18361ea1ad37b8b2') in 0.025893 seconds
Number of updated asset objects reloaded before import = 0
Number of asset objects unloaded after import = 3
========================================================================
Received Import Request.
  Time since last request: 0.000579 seconds.
  path: Assets/Sprites/Tiles/128_192.png
  artifactKey: Guid(beb0ee7f2a483b941853307291aa428e) Importer(815301076,1909f56bfc062723c751e8b465ee728b)
Start importing Assets/Sprites/Tiles/128_192.png using Guid(beb0ee7f2a483b941853307291aa428e) Importer(815301076,1909f56bfc062723c751e8b465ee728b)  -> (artifact id: '2b575d53a40764f7d9732382e2c7d3ea') in 0.018405 seconds
Number of updated asset objects reloaded before import = 0
Number of asset objects unloaded after import = 3
========================================================================
Received Import Request.
  Time since last request: 0.000017 seconds.
  path: Assets/Sprites/Tiles/128_112.png
  artifactKey: Guid(2d52978163fa63547bb5bd6f9351cb67) Importer(815301076,1909f56bfc062723c751e8b465ee728b)
Start importing Assets/Sprites/Tiles/128_112.png using Guid(2d52978163fa63547bb5bd6f9351cb67) Importer(815301076,1909f56bfc062723c751e8b465ee728b)  -> (artifact id: '2887fe3dbfe7539e77dd0a91ca7c24aa') in 0.017633 seconds
Number of updated asset objects reloaded before import = 0
Number of asset objects unloaded after import = 3
========================================================================
Received Import Request.
  Time since last request: 0.000024 seconds.
  path: Assets/Sprites/Tiles/128_208.png
  artifactKey: Guid(e18c0189b091eb946ae643ea3f8c17fe) Importer(815301076,1909f56bfc062723c751e8b465ee728b)
Start importing Assets/Sprites/Tiles/128_208.png using Guid(e18c0189b091eb946ae643ea3f8c17fe) Importer(815301076,1909f56bfc062723c751e8b465ee728b)  -> (artifact id: 'ba3e7d349dc07cd0b0227ca15fde75bf') in 0.015971 seconds
Number of updated asset objects reloaded before import = 0
Number of asset objects unloaded after import = 3
========================================================================
Received Import Request.
  Time since last request: 0.000024 seconds.
  path: Assets/Sprites/Tiles/144_96.png
  artifactKey: Guid(e3b846e00a6c4d848b0f647fae127951) Importer(815301076,1909f56bfc062723c751e8b465ee728b)
Start importing Assets/Sprites/Tiles/144_96.png using Guid(e3b846e00a6c4d848b0f647fae127951) Importer(815301076,1909f56bfc062723c751e8b465ee728b)  -> (artifact id: '000fc309814a982d9243954a521a18a2') in 0.017985 seconds
Number of updated asset objects reloaded before import = 0
Number of asset objects unloaded after import = 3
========================================================================
Received Import Request.
  Time since last request: 0.000026 seconds.
  path: Assets/Sprites/Tiles/144_32.png
  artifactKey: Guid(eaef78ffbaa4929458a94d287335a40b) Importer(815301076,1909f56bfc062723c751e8b465ee728b)
Start importing Assets/Sprites/Tiles/144_32.png using Guid(eaef78ffbaa4929458a94d287335a40b) Importer(815301076,1909f56bfc062723c751e8b465ee728b)  -> (artifact id: '39cfde0a50d455b9b0fd311509cd5659') in 0.018285 seconds
Number of updated asset objects reloaded before import = 0
Number of asset objects unloaded after import = 3
========================================================================
Received Import Request.
  Time since last request: 0.237804 seconds.
  path: Assets/Sprites/Tiles/160_80.png
  artifactKey: Guid(629edeaa85ee940418fb9438d29ee3c9) Importer(815301076,1909f56bfc062723c751e8b465ee728b)
Start importing Assets/Sprites/Tiles/160_80.png using Guid(629edeaa85ee940418fb9438d29ee3c9) Importer(815301076,1909f56bfc062723c751e8b465ee728b)  -> (artifact id: 'f73aac707f618391b9ed601173fae0a6') in 0.026726 seconds
Number of updated asset objects reloaded before import = 0
Number of asset objects unloaded after import = 3
========================================================================
Received Import Request.
  Time since last request: 0.000023 seconds.
  path: Assets/Sprites/Tiles/160_144.png
  artifactKey: Guid(4b62eda59039763419f370fc7103ecf5) Importer(815301076,1909f56bfc062723c751e8b465ee728b)
Start importing Assets/Sprites/Tiles/160_144.png using Guid(4b62eda59039763419f370fc7103ecf5) Importer(815301076,1909f56bfc062723c751e8b465ee728b)  -> (artifact id: 'c9acc9de4652220afaadd585ebd3b0d0') in 0.017414 seconds
Number of updated asset objects reloaded before import = 0
Number of asset objects unloaded after import = 3
========================================================================
Received Import Request.
  Time since last request: 0.026196 seconds.
  path: Assets/Sprites/Tiles/176_48.png
  artifactKey: Guid(0a5992d37b58e51419dec30f4a3a0bdd) Importer(815301076,1909f56bfc062723c751e8b465ee728b)
Start importing Assets/Sprites/Tiles/176_48.png using Guid(0a5992d37b58e51419dec30f4a3a0bdd) Importer(815301076,1909f56bfc062723c751e8b465ee728b)  -> (artifact id: '7efd87b404ad64a0a4b22bea3f598053') in 0.021798 seconds
Number of updated asset objects reloaded before import = 0
Number of asset objects unloaded after import = 3
========================================================================
Received Import Request.
  Time since last request: 0.000019 seconds.
  path: Assets/Sprites/Tiles/176_64.png
  artifactKey: Guid(e5dd6a9630733774ab379c2c59c9f919) Importer(815301076,1909f56bfc062723c751e8b465ee728b)
Start importing Assets/Sprites/Tiles/176_64.png using Guid(e5dd6a9630733774ab379c2c59c9f919) Importer(815301076,1909f56bfc062723c751e8b465ee728b)  -> (artifact id: '55c19db874b0a315ad5fbb4d725e0a9c') in 0.018926 seconds
Number of updated asset objects reloaded before import = 0
Number of asset objects unloaded after import = 3
========================================================================
Received Import Request.
  Time since last request: 0.013947 seconds.
  path: Assets/Sprites/Tiles/192_48.png
  artifactKey: Guid(a716cfc75cc96284d90f6be6c77e497c) Importer(815301076,1909f56bfc062723c751e8b465ee728b)
Start importing Assets/Sprites/Tiles/192_48.png using Guid(a716cfc75cc96284d90f6be6c77e497c) Importer(815301076,1909f56bfc062723c751e8b465ee728b)  -> (artifact id: '08006733be54ac0a61caad51b758868a') in 0.019778 seconds
Number of updated asset objects reloaded before import = 0
Number of asset objects unloaded after import = 3
========================================================================
Received Import Request.
  Time since last request: 0.000016 seconds.
  path: Assets/Sprites/Tiles/192_96.png
  artifactKey: Guid(f3060f03862303843bb34f6948daa46a) Importer(815301076,1909f56bfc062723c751e8b465ee728b)
Start importing Assets/Sprites/Tiles/192_96.png using Guid(f3060f03862303843bb34f6948daa46a) Importer(815301076,1909f56bfc062723c751e8b465ee728b)  -> (artifact id: '9beaa45f416af315f67eff7a4f4e0b0f') in 0.017437 seconds
Number of updated asset objects reloaded before import = 0
Number of asset objects unloaded after import = 3
========================================================================
Received Import Request.
  Time since last request: 0.335057 seconds.
  path: Assets/Sprites/Tiles/192_240.png
  artifactKey: Guid(ff2ebf43af1f0a04cb91d339827492c3) Importer(815301076,1909f56bfc062723c751e8b465ee728b)
Start importing Assets/Sprites/Tiles/192_240.png using Guid(ff2ebf43af1f0a04cb91d339827492c3) Importer(815301076,1909f56bfc062723c751e8b465ee728b)  -> (artifact id: '6e62b54db7d545e8c6bf9e02af532750') in 0.021704 seconds
Number of updated asset objects reloaded before import = 0
Number of asset objects unloaded after import = 3
========================================================================
Received Import Request.
  Time since last request: 0.000023 seconds.
  path: Assets/Sprites/Tiles/208_144.png
  artifactKey: Guid(77cfad5ee613a3d4b834f5edee214ce0) Importer(815301076,1909f56bfc062723c751e8b465ee728b)
Start importing Assets/Sprites/Tiles/208_144.png using Guid(77cfad5ee613a3d4b834f5edee214ce0) Importer(815301076,1909f56bfc062723c751e8b465ee728b)  -> (artifact id: '8cd7238003d1ce9324f3b93c0fdef928') in 0.016184 seconds
Number of updated asset objects reloaded before import = 0
Number of asset objects unloaded after import = 3
Editor requested this worker to shutdown with reason: Scaling down because of idle timeout
TcpMessagingSession - receive error: operation aborted. errorcode: 995, details: A operação de E/S foi anulada devido a uma saída de thread ou a uma requisição de aplicativo.
AssetImportWorker is now disconnected from the server
Process exiting
Exiting without the bug reporter. Application will terminate with return code 0