Using pre-set license
Built from '2022.3/staging' branch; Version is '2022.3.19f1 (244b723c30a6) revision 2378610'; Using compiler version '192829333'; Build Type 'Release'
OS: 'Windows 10  (10.0.19045) 64bit Core' Language: 'pt' Physical Memory: 16322 MB
BatchMode: 1, IsHumanControllingUs: 0, StartBugReporterOnCrash: 0, Is64bit: 1, IsPro: 1

COMMAND LINE ARGUMENTS:
C:\Program Files\2022.3.19f1\Editor\Unity.exe
-adb2
-batchMode
-noUpm
-name
AssetImportWorker2
-projectPath
C:/Users/998is/OneDrive/Documents/Personal/PUC/Github/GrimFacade
-logFile
Logs/AssetImportWorker2.log
-srvPort
52507
Successfully changed project path to: C:/Users/998is/OneDrive/Documents/Personal/PUC/Github/GrimFacade
C:/Users/998is/OneDrive/Documents/Personal/PUC/Github/GrimFacade
[UnityMemory] Configuration Parameters - Can be set up in boot.config
    "memorysetup-bucket-allocator-granularity=16"
    "memorysetup-bucket-allocator-bucket-count=8"
    "memorysetup-bucket-allocator-block-size=33554432"
    "memorysetup-bucket-allocator-block-count=8"
    "memorysetup-main-allocator-block-size=16777216"
    "memorysetup-thread-allocator-block-size=16777216"
    "memorysetup-gfx-main-allocator-block-size=16777216"
    "memorysetup-gfx-thread-allocator-block-size=16777216"
    "memorysetup-cache-allocator-block-size=4194304"
    "memorysetup-typetree-allocator-block-size=2097152"
    "memorysetup-profiler-bucket-allocator-granularity=16"
    "memorysetup-profiler-bucket-allocator-bucket-count=8"
    "memorysetup-profiler-bucket-allocator-block-size=33554432"
    "memorysetup-profiler-bucket-allocator-block-count=8"
    "memorysetup-profiler-allocator-block-size=16777216"
    "memorysetup-profiler-editor-allocator-block-size=1048576"
    "memorysetup-temp-allocator-size-main=16777216"
    "memorysetup-job-temp-allocator-block-size=2097152"
    "memorysetup-job-temp-allocator-block-size-background=1048576"
    "memorysetup-job-temp-allocator-reduction-small-platforms=262144"
    "memorysetup-allocator-temp-initial-block-size-main=262144"
    "memorysetup-allocator-temp-initial-block-size-worker=262144"
    "memorysetup-temp-allocator-size-background-worker=32768"
    "memorysetup-temp-allocator-size-job-worker=262144"
    "memorysetup-temp-allocator-size-preload-manager=33554432"
    "memorysetup-temp-allocator-size-nav-mesh-worker=65536"
    "memorysetup-temp-allocator-size-audio-worker=65536"
    "memorysetup-temp-allocator-size-cloud-worker=32768"
    "memorysetup-temp-allocator-size-gi-baking-worker=262144"
    "memorysetup-temp-allocator-size-gfx=262144"
Player connection [13832] Host "[IP] 192.168.0.224 [Port] 0 [Flags] 2 [Guid] 1122694681 [EditorId] 1122694681 [Version] 1048832 [Id] WindowsEditor(7,DESKTOP-JC2AH5G) [Debug] 1 [PackageName] WindowsEditor [ProjectName] Editor" joined multi-casting on [225.0.0.222:54997]...

Player connection [13832] Host "[IP] 192.168.0.224 [Port] 0 [Flags] 2 [Guid] 1122694681 [EditorId] 1122694681 [Version] 1048832 [Id] WindowsEditor(7,DESKTOP-JC2AH5G) [Debug] 1 [PackageName] WindowsEditor [ProjectName] Editor" joined alternative multi-casting on [225.0.0.222:34997]...

[Physics::Module] Initialized MultithreadedJobDispatcher with 11 workers.
Refreshing native plugins compatible for Editor in 2.15 ms, found 0 plugins.
Preloading 0 native plugins for Editor in 0.00 ms.
Initialize engine version: 2022.3.19f1 (244b723c30a6)
[Subsystems] Discovering subsystems at path C:/Program Files/2022.3.19f1/Editor/Data/Resources/UnitySubsystems
[Subsystems] Discovering subsystems at path C:/Users/998is/OneDrive/Documents/Personal/PUC/Github/GrimFacade/Assets
GfxDevice: creating device client; threaded=0; jobified=0
Direct3D:
    Version:  Direct3D 11.0 [level 11.1]
    Renderer: NVIDIA GeForce RTX 2070 with Max-Q Design (ID=0x1f10)
    Vendor:   NVIDIA
    VRAM:     8006 MB
    Driver:   32.0.15.6614
Initialize mono
Mono path[0] = 'C:/Program Files/2022.3.19f1/Editor/Data/Managed'
Mono path[1] = 'C:/Program Files/2022.3.19f1/Editor/Data/MonoBleedingEdge/lib/mono/unityjit-win32'
Mono config path = 'C:/Program Files/2022.3.19f1/Editor/Data/MonoBleedingEdge/etc'
Using monoOptions --debugger-agent=transport=dt_socket,embedding=1,server=y,suspend=n,address=127.0.0.1:56036
Begin MonoManager ReloadAssembly
Registering precompiled unity dll's ...
Register platform support module: C:/Program Files/2022.3.19f1/Editor/Data/PlaybackEngines/WindowsStandaloneSupport/UnityEditor.WindowsStandalone.Extensions.dll
Registered in 0.010192 seconds.
- Loaded All Assemblies, in  0.431 seconds
Native extension for WindowsStandalone target not found
Mono: successfully reloaded assembly
- Finished resetting the current domain, in  0.259 seconds
Domain Reload Profiling: 686ms
	BeginReloadAssembly (130ms)
		ExecutionOrderSort (0ms)
		DisableScriptedObjects (0ms)
		BackupInstance (0ms)
		ReleaseScriptingObjects (0ms)
		CreateAndSetChildDomain (1ms)
	RebuildCommonClasses (50ms)
	RebuildNativeTypeToScriptingClass (13ms)
	initialDomainReloadingComplete (68ms)
	LoadAllAssembliesAndSetupDomain (165ms)
		LoadAssemblies (127ms)
		RebuildTransferFunctionScriptingTraits (0ms)
		AnalyzeDomain (163ms)
			TypeCache.Refresh (162ms)
				TypeCache.ScanAssembly (147ms)
			ScanForSourceGeneratedMonoScriptInfo (0ms)
			ResolveRequiredComponents (1ms)
	FinalizeReload (259ms)
		ReleaseScriptCaches (0ms)
		RebuildScriptCaches (0ms)
		SetupLoadedEditorAssemblies (202ms)
			LogAssemblyErrors (0ms)
			InitializePlatformSupportModulesInManaged (10ms)
			SetLoadedEditorAssemblies (7ms)
			RefreshPlugins (0ms)
			BeforeProcessingInitializeOnLoad (2ms)
			ProcessInitializeOnLoadAttributes (139ms)
			ProcessInitializeOnLoadMethodAttributes (44ms)
			AfterProcessingInitializeOnLoad (0ms)
			EditorAssembliesLoaded (0ms)
		ExecutionOrderSort2 (0ms)
		AwakeInstancesAfterBackupRestoration (0ms)
========================================================================
Worker process is ready to serve import requests
Begin MonoManager ReloadAssembly
- Loaded All Assemblies, in  0.411 seconds
Refreshing native plugins compatible for Editor in 0.95 ms, found 0 plugins.
Native extension for WindowsStandalone target not found
Mono: successfully reloaded assembly
- Finished resetting the current domain, in  0.480 seconds
Domain Reload Profiling: 886ms
	BeginReloadAssembly (150ms)
		ExecutionOrderSort (0ms)
		DisableScriptedObjects (5ms)
		BackupInstance (0ms)
		ReleaseScriptingObjects (0ms)
		CreateAndSetChildDomain (21ms)
	RebuildCommonClasses (35ms)
	RebuildNativeTypeToScriptingClass (12ms)
	initialDomainReloadingComplete (44ms)
	LoadAllAssembliesAndSetupDomain (164ms)
		LoadAssemblies (209ms)
		RebuildTransferFunctionScriptingTraits (0ms)
		AnalyzeDomain (45ms)
			TypeCache.Refresh (35ms)
				TypeCache.ScanAssembly (26ms)
			ScanForSourceGeneratedMonoScriptInfo (7ms)
			ResolveRequiredComponents (2ms)
	FinalizeReload (480ms)
		ReleaseScriptCaches (0ms)
		RebuildScriptCaches (0ms)
		SetupLoadedEditorAssemblies (341ms)
			LogAssemblyErrors (0ms)
			InitializePlatformSupportModulesInManaged (8ms)
			SetLoadedEditorAssemblies (4ms)
			RefreshPlugins (0ms)
			BeforeProcessingInitializeOnLoad (78ms)
			ProcessInitializeOnLoadAttributes (203ms)
			ProcessInitializeOnLoadMethodAttributes (37ms)
			AfterProcessingInitializeOnLoad (11ms)
			EditorAssembliesLoaded (0ms)
		ExecutionOrderSort2 (0ms)
		AwakeInstancesAfterBackupRestoration (8ms)
Launched and connected shader compiler UnityShaderCompiler.exe after 0.05 seconds
Refreshing native plugins compatible for Editor in 0.87 ms, found 0 plugins.
Preloading 0 native plugins for Editor in 0.00 ms.
Unloading 1144 Unused Serialized files (Serialized files now loaded: 0)
Unloading 20 unused Assets / (52.4 KB). Loaded Objects now: 1621.
Memory consumption went from 78.1 MB to 78.1 MB.
Total: 2.316000 ms (FindLiveObjects: 0.110000 ms CreateObjectMapping: 0.034900 ms MarkObjects: 2.100100 ms  DeleteObjects: 0.070400 ms)

AssetImportParameters requested are different than current active one (requested -> active):
  custom:video-encoder-webm-vp8: eb34c28f22e8b96e1ab97ce403110664 -> 
  custom:video-decoder-webm-vp8: 9c59270c3fd7afecdb556c50c9e8de78 -> 
  custom:audio-decoder-ogg-vorbis: bf7c407c2cedff20999df2af8eb42d56 -> 
  custom:SearchIndexIgnoredProperties: e643bd26f0fe6173181afceb89e7c659 -> 
  custom:container-demuxer-ogg: 62fdf1f143b41e24485cea50d1cbac27 -> 
  custom:AudioImporter_EditorPlatform: d09bf68614088b80899f8185d706f6e7 -> 
  custom:CustomObjectIndexerAttribute: 6d391050e5a25f67b0a2c618074f2cd9 -> 
  custom:container-demuxer-webm: 4f35f7cbe854078d1ac9338744f61a02 -> 
  custom:video-decoder-ogg-theora: a1e56fd34408186e4bbccfd4996cb3dc -> 
  custom:audio-encoder-webm-vorbis: bf7c407c2cedff20999df2af8eb42d56 -> 
  custom:framework-win-MediaFoundation: 216162199b28c13a410421893ffa2e32 -> 
  custom:container-muxer-webm: aa71ff27fc2769a1b78a27578f13a17b -> 
========================================================================
Received Import Request.
  Time since last request: 6819.013207 seconds.
  path: Assets/PlatformerSet1/main_lev_build 1_69.asset
  artifactKey: Guid(7b7cc791487b68d48a8642cb0772217c) Importer(815301076,1909f56bfc062723c751e8b465ee728b)
Start importing Assets/PlatformerSet1/main_lev_build 1_69.asset using Guid(7b7cc791487b68d48a8642cb0772217c) Importer(815301076,1909f56bfc062723c751e8b465ee728b)  -> (artifact id: '38675570a987538b1ce7e3c5ff063c90') in 0.031911 seconds
Number of updated asset objects reloaded before import = 0
Number of asset objects unloaded after import = 1
========================================================================
Received Import Request.
  Time since last request: 0.003882 seconds.
  path: Assets/PlatformerSet1/main_lev_build 1_74.asset
  artifactKey: Guid(779cc78aad26ad34aa604436e01764d9) Importer(815301076,1909f56bfc062723c751e8b465ee728b)
Start importing Assets/PlatformerSet1/main_lev_build 1_74.asset using Guid(779cc78aad26ad34aa604436e01764d9) Importer(815301076,1909f56bfc062723c751e8b465ee728b)  -> (artifact id: '99dbe833b8da1fdae3653b32aa314531') in 0.001657 seconds
Number of updated asset objects reloaded before import = 0
Number of asset objects unloaded after import = 1
========================================================================
Received Import Request.
  Time since last request: 0.004518 seconds.
  path: Assets/PlatformerSet1/main_lev_build 1_75.asset
  artifactKey: Guid(fff2c024e47fe7e479e897da4bf30c39) Importer(815301076,1909f56bfc062723c751e8b465ee728b)
Start importing Assets/PlatformerSet1/main_lev_build 1_75.asset using Guid(fff2c024e47fe7e479e897da4bf30c39) Importer(815301076,1909f56bfc062723c751e8b465ee728b)  -> (artifact id: 'efe9333044b5996cdc311acfc14d4567') in 0.001642 seconds
Number of updated asset objects reloaded before import = 0
Number of asset objects unloaded after import = 1
========================================================================
Received Import Request.
  Time since last request: 0.004508 seconds.
  path: Assets/PlatformerSet1/main_lev_build 1_76.asset
  artifactKey: Guid(b7fb60ea22619164b907815e21f619ca) Importer(815301076,1909f56bfc062723c751e8b465ee728b)
Start importing Assets/PlatformerSet1/main_lev_build 1_76.asset using Guid(b7fb60ea22619164b907815e21f619ca) Importer(815301076,1909f56bfc062723c751e8b465ee728b)  -> (artifact id: 'e6c39354d7daf80c5e574dcce1f69e7a') in 0.001599 seconds
Number of updated asset objects reloaded before import = 0
Number of asset objects unloaded after import = 1
========================================================================
Received Import Request.
  Time since last request: 0.004413 seconds.
  path: Assets/PlatformerSet1/main_lev_build 1_77.asset
  artifactKey: Guid(9b34cbf71f4991240808f0d82f5b6a09) Importer(815301076,1909f56bfc062723c751e8b465ee728b)
Start importing Assets/PlatformerSet1/main_lev_build 1_77.asset using Guid(9b34cbf71f4991240808f0d82f5b6a09) Importer(815301076,1909f56bfc062723c751e8b465ee728b)  -> (artifact id: 'a01592af87a22623e8f6851339c8f182') in 0.001513 seconds
Number of updated asset objects reloaded before import = 0
Number of asset objects unloaded after import = 1
========================================================================
Received Import Request.
  Time since last request: 0.004669 seconds.
  path: Assets/PlatformerSet1/main_lev_build 1_78.asset
  artifactKey: Guid(e59077fe49249e44fa87e454c95ea530) Importer(815301076,1909f56bfc062723c751e8b465ee728b)
Start importing Assets/PlatformerSet1/main_lev_build 1_78.asset using Guid(e59077fe49249e44fa87e454c95ea530) Importer(815301076,1909f56bfc062723c751e8b465ee728b)  -> (artifact id: 'd2e6be8b092517587f76097505ccbae0') in 0.001541 seconds
Number of updated asset objects reloaded before import = 0
Number of asset objects unloaded after import = 1
========================================================================
Received Import Request.
  Time since last request: 0.019983 seconds.
  path: Assets/PlatformerSet1/main_lev_build 1_79.asset
  artifactKey: Guid(43643cba009d1964898ac25284a616f2) Importer(815301076,1909f56bfc062723c751e8b465ee728b)
Start importing Assets/PlatformerSet1/main_lev_build 1_79.asset using Guid(43643cba009d1964898ac25284a616f2) Importer(815301076,1909f56bfc062723c751e8b465ee728b)  -> (artifact id: '8981873ca605c55074e3a21a93f74e72') in 0.002107 seconds
Number of updated asset objects reloaded before import = 0
Number of asset objects unloaded after import = 1
========================================================================
Received Import Request.
  Time since last request: 0.004540 seconds.
  path: Assets/PlatformerSet1/main_lev_build 1_80.asset
  artifactKey: Guid(c03321aaaff750e4c88c34897d9d4c76) Importer(815301076,1909f56bfc062723c751e8b465ee728b)
Start importing Assets/PlatformerSet1/main_lev_build 1_80.asset using Guid(c03321aaaff750e4c88c34897d9d4c76) Importer(815301076,1909f56bfc062723c751e8b465ee728b)  -> (artifact id: '665d7f7718193765a380dc505d0d628b') in 0.001713 seconds
Number of updated asset objects reloaded before import = 0
Number of asset objects unloaded after import = 1
========================================================================
Received Import Request.
  Time since last request: 0.004373 seconds.
  path: Assets/PlatformerSet1/main_lev_build 1_81.asset
  artifactKey: Guid(28e18b18b15f99749bdfb0fcd801c1f2) Importer(815301076,1909f56bfc062723c751e8b465ee728b)
Start importing Assets/PlatformerSet1/main_lev_build 1_81.asset using Guid(28e18b18b15f99749bdfb0fcd801c1f2) Importer(815301076,1909f56bfc062723c751e8b465ee728b)  -> (artifact id: '527c798e94289226894f10816945fc9a') in 0.001451 seconds
Number of updated asset objects reloaded before import = 0
Number of asset objects unloaded after import = 1
========================================================================
Received Import Request.
  Time since last request: 0.004736 seconds.
  path: Assets/PlatformerSet1/main_lev_build 1_82.asset
  artifactKey: Guid(3969710148b9f6040809f5d25b23e9ef) Importer(815301076,1909f56bfc062723c751e8b465ee728b)
Start importing Assets/PlatformerSet1/main_lev_build 1_82.asset using Guid(3969710148b9f6040809f5d25b23e9ef) Importer(815301076,1909f56bfc062723c751e8b465ee728b)  -> (artifact id: 'd77adb590382a96697fd30c333e07fd9') in 0.001604 seconds
Number of updated asset objects reloaded before import = 0
Number of asset objects unloaded after import = 1
========================================================================
Received Import Request.
  Time since last request: 0.004460 seconds.
  path: Assets/PlatformerSet1/main_lev_build 1_83.asset
  artifactKey: Guid(6e665ac985d99834590810068d976978) Importer(815301076,1909f56bfc062723c751e8b465ee728b)
Start importing Assets/PlatformerSet1/main_lev_build 1_83.asset using Guid(6e665ac985d99834590810068d976978) Importer(815301076,1909f56bfc062723c751e8b465ee728b)  -> (artifact id: '8efb94a66c36da8efae33471af900778') in 0.001427 seconds
Number of updated asset objects reloaded before import = 0
Number of asset objects unloaded after import = 1
========================================================================
Received Import Request.
  Time since last request: 0.004557 seconds.
  path: Assets/PlatformerSet1/main_lev_build 1_84.asset
  artifactKey: Guid(26437ca0606437147900ea5eccabf297) Importer(815301076,1909f56bfc062723c751e8b465ee728b)
Start importing Assets/PlatformerSet1/main_lev_build 1_84.asset using Guid(26437ca0606437147900ea5eccabf297) Importer(815301076,1909f56bfc062723c751e8b465ee728b)  -> (artifact id: 'ff7c252377ff58a04cd13a70d5fb715f') in 0.001628 seconds
Number of updated asset objects reloaded before import = 0
Number of asset objects unloaded after import = 1
========================================================================
Received Import Request.
  Time since last request: 0.004371 seconds.
  path: Assets/PlatformerSet1/main_lev_build 1_85.asset
  artifactKey: Guid(096561585d3c1444c9fa84a5ae4e5ec2) Importer(815301076,1909f56bfc062723c751e8b465ee728b)
Start importing Assets/PlatformerSet1/main_lev_build 1_85.asset using Guid(096561585d3c1444c9fa84a5ae4e5ec2) Importer(815301076,1909f56bfc062723c751e8b465ee728b)  -> (artifact id: 'fe7a2c4e1830eb738d4e00ea7cc005f0') in 0.001426 seconds
Number of updated asset objects reloaded before import = 0
Number of asset objects unloaded after import = 1
========================================================================
Received Import Request.
  Time since last request: 0.004959 seconds.
  path: Assets/PlatformerSet1/main_lev_build 1_86.asset
  artifactKey: Guid(49ac52dc79f8d424dbe9a082812ece55) Importer(815301076,1909f56bfc062723c751e8b465ee728b)
Start importing Assets/PlatformerSet1/main_lev_build 1_86.asset using Guid(49ac52dc79f8d424dbe9a082812ece55) Importer(815301076,1909f56bfc062723c751e8b465ee728b)  -> (artifact id: '8a3d45025949029da97b31a080b2825c') in 0.001635 seconds
Number of updated asset objects reloaded before import = 0
Number of asset objects unloaded after import = 1
========================================================================
Received Import Request.
  Time since last request: 0.004616 seconds.
  path: Assets/PlatformerSet1/main_lev_build 1_87.asset
  artifactKey: Guid(899b9050fbde59b4d8f47504d85e6a0e) Importer(815301076,1909f56bfc062723c751e8b465ee728b)
Start importing Assets/PlatformerSet1/main_lev_build 1_87.asset using Guid(899b9050fbde59b4d8f47504d85e6a0e) Importer(815301076,1909f56bfc062723c751e8b465ee728b)  -> (artifact id: 'f66b2d02988932b099ac978068a788e8') in 0.001456 seconds
Number of updated asset objects reloaded before import = 0
Number of asset objects unloaded after import = 1
========================================================================
Received Import Request.
  Time since last request: 0.004660 seconds.
  path: Assets/PlatformerSet1/main_lev_build 1_88.asset
  artifactKey: Guid(8a1cee22d387c8847a2913384dba8012) Importer(815301076,1909f56bfc062723c751e8b465ee728b)
Start importing Assets/PlatformerSet1/main_lev_build 1_88.asset using Guid(8a1cee22d387c8847a2913384dba8012) Importer(815301076,1909f56bfc062723c751e8b465ee728b)  -> (artifact id: '9b0f1e27b443fe9a33639d91f5477822') in 0.001472 seconds
Number of updated asset objects reloaded before import = 0
Number of asset objects unloaded after import = 1
========================================================================
Received Import Request.
  Time since last request: 0.124618 seconds.
  path: Assets/PlatformerSet1/main_lev_build 1_89.asset
  artifactKey: Guid(26b89ee56fb39c74eb683b4722e693b3) Importer(815301076,1909f56bfc062723c751e8b465ee728b)
Start importing Assets/PlatformerSet1/main_lev_build 1_89.asset using Guid(26b89ee56fb39c74eb683b4722e693b3) Importer(815301076,1909f56bfc062723c751e8b465ee728b)  -> (artifact id: '48eb4f7ba79e22c50b0caf7037b8a4fd') in 0.001633 seconds
Number of updated asset objects reloaded before import = 0
Number of asset objects unloaded after import = 1
========================================================================
Received Import Request.
  Time since last request: 0.004500 seconds.
  path: Assets/PlatformerSet1/main_lev_build 1_90.asset
  artifactKey: Guid(9535f6aa98d182a44906414d8ad4d9fd) Importer(815301076,1909f56bfc062723c751e8b465ee728b)
Start importing Assets/PlatformerSet1/main_lev_build 1_90.asset using Guid(9535f6aa98d182a44906414d8ad4d9fd) Importer(815301076,1909f56bfc062723c751e8b465ee728b)  -> (artifact id: '71c7ca191607a36aa67fcf62d0629f60') in 0.001424 seconds
Number of updated asset objects reloaded before import = 0
Number of asset objects unloaded after import = 1
========================================================================
Received Import Request.
  Time since last request: 0.004579 seconds.
  path: Assets/PlatformerSet1/main_lev_build 1_91.asset
  artifactKey: Guid(0ecffb688ba831344863545a0010cc02) Importer(815301076,1909f56bfc062723c751e8b465ee728b)
Start importing Assets/PlatformerSet1/main_lev_build 1_91.asset using Guid(0ecffb688ba831344863545a0010cc02) Importer(815301076,1909f56bfc062723c751e8b465ee728b)  -> (artifact id: '9b852b79875507b113ab538b5b10cdfd') in 0.001399 seconds
Number of updated asset objects reloaded before import = 0
Number of asset objects unloaded after import = 1
========================================================================
Received Import Request.
  Time since last request: 0.004678 seconds.
  path: Assets/PlatformerSet1/main_lev_build 1_92.asset
  artifactKey: Guid(cab6d5026b4b7e3439736dd6b8e589a8) Importer(815301076,1909f56bfc062723c751e8b465ee728b)
Start importing Assets/PlatformerSet1/main_lev_build 1_92.asset using Guid(cab6d5026b4b7e3439736dd6b8e589a8) Importer(815301076,1909f56bfc062723c751e8b465ee728b)  -> (artifact id: '7c8dd56c94d92b01d323f3bcd245c53c') in 0.001521 seconds
Number of updated asset objects reloaded before import = 0
Number of asset objects unloaded after import = 1
========================================================================
Received Import Request.
  Time since last request: 0.004580 seconds.
  path: Assets/PlatformerSet1/main_lev_build 1_93.asset
  artifactKey: Guid(79220429b171cb94f8137e5fd2b3a70c) Importer(815301076,1909f56bfc062723c751e8b465ee728b)
Start importing Assets/PlatformerSet1/main_lev_build 1_93.asset using Guid(79220429b171cb94f8137e5fd2b3a70c) Importer(815301076,1909f56bfc062723c751e8b465ee728b)  -> (artifact id: '7d84dd41f59359b223244de5e54dd500') in 0.001433 seconds
Number of updated asset objects reloaded before import = 0
Number of asset objects unloaded after import = 1
========================================================================
Received Import Request.
  Time since last request: 0.004423 seconds.
  path: Assets/PlatformerSet1/main_lev_build 1_94.asset
  artifactKey: Guid(e071f2d87f7a91a459d2cfe86f87bf21) Importer(815301076,1909f56bfc062723c751e8b465ee728b)
Start importing Assets/PlatformerSet1/main_lev_build 1_94.asset using Guid(e071f2d87f7a91a459d2cfe86f87bf21) Importer(815301076,1909f56bfc062723c751e8b465ee728b)  -> (artifact id: '475b6441b557cde37ef668675d320308') in 0.001641 seconds
Number of updated asset objects reloaded before import = 0
Number of asset objects unloaded after import = 1
========================================================================
Received Import Request.
  Time since last request: 0.004668 seconds.
  path: Assets/PlatformerSet1/main_lev_build 1_95.asset
  artifactKey: Guid(e949355bb5c333845baf7d7b831326e3) Importer(815301076,1909f56bfc062723c751e8b465ee728b)
Start importing Assets/PlatformerSet1/main_lev_build 1_95.asset using Guid(e949355bb5c333845baf7d7b831326e3) Importer(815301076,1909f56bfc062723c751e8b465ee728b)  -> (artifact id: '7a030fc9fa94d7004d6fd03c27a547cb') in 0.001549 seconds
Number of updated asset objects reloaded before import = 0
Number of asset objects unloaded after import = 1
========================================================================
Received Import Request.
  Time since last request: 0.004564 seconds.
  path: Assets/PlatformerSet1/main_lev_build 1_96.asset
  artifactKey: Guid(889501c8492adda4a9cbe1809d659403) Importer(815301076,1909f56bfc062723c751e8b465ee728b)
Start importing Assets/PlatformerSet1/main_lev_build 1_96.asset using Guid(889501c8492adda4a9cbe1809d659403) Importer(815301076,1909f56bfc062723c751e8b465ee728b)  -> (artifact id: '8e4687ae0e9b77c05096c736f180a379') in 0.001486 seconds
Number of updated asset objects reloaded before import = 0
Number of asset objects unloaded after import = 1
========================================================================
Received Import Request.
  Time since last request: 0.004731 seconds.
  path: Assets/PlatformerSet1/main_lev_build 1_97.asset
  artifactKey: Guid(06c82a214f69ac541bfaef0d571a9ab5) Importer(815301076,1909f56bfc062723c751e8b465ee728b)
Start importing Assets/PlatformerSet1/main_lev_build 1_97.asset using Guid(06c82a214f69ac541bfaef0d571a9ab5) Importer(815301076,1909f56bfc062723c751e8b465ee728b)  -> (artifact id: '1af075903175b7d573f0ade63e13d63a') in 0.001702 seconds
Number of updated asset objects reloaded before import = 0
Number of asset objects unloaded after import = 1
========================================================================
Received Import Request.
  Time since last request: 0.004269 seconds.
  path: Assets/PlatformerSet1/main_lev_build 1_98.asset
  artifactKey: Guid(5728060407cf1fd4283de62ae78b51bc) Importer(815301076,1909f56bfc062723c751e8b465ee728b)
Start importing Assets/PlatformerSet1/main_lev_build 1_98.asset using Guid(5728060407cf1fd4283de62ae78b51bc) Importer(815301076,1909f56bfc062723c751e8b465ee728b)  -> (artifact id: 'e7e30fc0568e1ae5e9b6a56e6e508270') in 0.001908 seconds
Number of updated asset objects reloaded before import = 0
Number of asset objects unloaded after import = 1
========================================================================
Received Import Request.
  Time since last request: 0.014771 seconds.
  path: Assets/PlatformerSet1/main_lev_build 1_99.asset
  artifactKey: Guid(2b9dc2d50e92fea43b1f16df3f68196c) Importer(815301076,1909f56bfc062723c751e8b465ee728b)
Start importing Assets/PlatformerSet1/main_lev_build 1_99.asset using Guid(2b9dc2d50e92fea43b1f16df3f68196c) Importer(815301076,1909f56bfc062723c751e8b465ee728b)  -> (artifact id: 'faa71e4ddbb9a86336496fc3fa9da5d7') in 0.001633 seconds
Number of updated asset objects reloaded before import = 0
Number of asset objects unloaded after import = 1
========================================================================
Received Import Request.
  Time since last request: 0.004171 seconds.
  path: Assets/PlatformerSet1/main_lev_build 1_100.asset
  artifactKey: Guid(dfc097d6373cb0947be503468e5a2e74) Importer(815301076,1909f56bfc062723c751e8b465ee728b)
Start importing Assets/PlatformerSet1/main_lev_build 1_100.asset using Guid(dfc097d6373cb0947be503468e5a2e74) Importer(815301076,1909f56bfc062723c751e8b465ee728b)  -> (artifact id: 'bd62e95b84935f658a6fa89825fcbda4') in 0.001566 seconds
Number of updated asset objects reloaded before import = 0
Number of asset objects unloaded after import = 1
========================================================================
Received Import Request.
  Time since last request: 0.004653 seconds.
  path: Assets/PlatformerSet1/main_lev_build 1_101.asset
  artifactKey: Guid(e460c479dd605f248ad9ba63b358251a) Importer(815301076,1909f56bfc062723c751e8b465ee728b)
Start importing Assets/PlatformerSet1/main_lev_build 1_101.asset using Guid(e460c479dd605f248ad9ba63b358251a) Importer(815301076,1909f56bfc062723c751e8b465ee728b)  -> (artifact id: '7735136b1ccc336890e7b2cc5ddd4dd8') in 0.001589 seconds
Number of updated asset objects reloaded before import = 0
Number of asset objects unloaded after import = 1
========================================================================
Received Import Request.
  Time since last request: 0.004426 seconds.
  path: Assets/PlatformerSet1/main_lev_build 1_102.asset
  artifactKey: Guid(bcfb5a7aeb260a2499f4d665e94d109b) Importer(815301076,1909f56bfc062723c751e8b465ee728b)
Start importing Assets/PlatformerSet1/main_lev_build 1_102.asset using Guid(bcfb5a7aeb260a2499f4d665e94d109b) Importer(815301076,1909f56bfc062723c751e8b465ee728b)  -> (artifact id: 'eff59575c8f75835cb35b6a110a2288a') in 0.001639 seconds
Number of updated asset objects reloaded before import = 0
Number of asset objects unloaded after import = 1
========================================================================
Received Import Request.
  Time since last request: 0.004451 seconds.
  path: Assets/PlatformerSet1/main_lev_build 1_103.asset
  artifactKey: Guid(051283c588c051f439872d79d4a77a9a) Importer(815301076,1909f56bfc062723c751e8b465ee728b)
Start importing Assets/PlatformerSet1/main_lev_build 1_103.asset using Guid(051283c588c051f439872d79d4a77a9a) Importer(815301076,1909f56bfc062723c751e8b465ee728b)  -> (artifact id: '071225c19379f0e82a625fddd26dc2b9') in 0.001568 seconds
Number of updated asset objects reloaded before import = 0
Number of asset objects unloaded after import = 1
========================================================================
Received Import Request.
  Time since last request: 0.004429 seconds.
  path: Assets/PlatformerSet1/main_lev_build 1_104.asset
  artifactKey: Guid(0a3e769fb5ab05c418431f33a8753138) Importer(815301076,1909f56bfc062723c751e8b465ee728b)
Start importing Assets/PlatformerSet1/main_lev_build 1_104.asset using Guid(0a3e769fb5ab05c418431f33a8753138) Importer(815301076,1909f56bfc062723c751e8b465ee728b)  -> (artifact id: '7fbc9b5ab777ad2532103395323b15f6') in 0.001504 seconds
Number of updated asset objects reloaded before import = 0
Number of asset objects unloaded after import = 1
========================================================================
Received Import Request.
  Time since last request: 0.004598 seconds.
  path: Assets/PlatformerSet1/main_lev_build 1_105.asset
  artifactKey: Guid(83358dca8203fc749913c6e49da49a24) Importer(815301076,1909f56bfc062723c751e8b465ee728b)
Start importing Assets/PlatformerSet1/main_lev_build 1_105.asset using Guid(83358dca8203fc749913c6e49da49a24) Importer(815301076,1909f56bfc062723c751e8b465ee728b)  -> (artifact id: '28e030d311598a2802b18bc98769fe9e') in 0.001550 seconds
Number of updated asset objects reloaded before import = 0
Number of asset objects unloaded after import = 1
========================================================================
Received Import Request.
  Time since last request: 0.004291 seconds.
  path: Assets/PlatformerSet1/main_lev_build 1_106.asset
  artifactKey: Guid(eb666a06e0204224e9be7dff54f7d3a6) Importer(815301076,1909f56bfc062723c751e8b465ee728b)
Start importing Assets/PlatformerSet1/main_lev_build 1_106.asset using Guid(eb666a06e0204224e9be7dff54f7d3a6) Importer(815301076,1909f56bfc062723c751e8b465ee728b)  -> (artifact id: '38c0122e1bef0db3f741250379ef8729') in 0.001554 seconds
Number of updated asset objects reloaded before import = 0
Number of asset objects unloaded after import = 1
========================================================================
Received Import Request.
  Time since last request: 0.004333 seconds.
  path: Assets/PlatformerSet1/main_lev_build 1_107.asset
  artifactKey: Guid(b030cbe84afe2014ca7fc4ed15ae689a) Importer(815301076,1909f56bfc062723c751e8b465ee728b)
Start importing Assets/PlatformerSet1/main_lev_build 1_107.asset using Guid(b030cbe84afe2014ca7fc4ed15ae689a) Importer(815301076,1909f56bfc062723c751e8b465ee728b)  -> (artifact id: '745ffc244701d66b8ac02f9c51446a8a') in 0.001432 seconds
Number of updated asset objects reloaded before import = 0
Number of asset objects unloaded after import = 1
========================================================================
Received Import Request.
  Time since last request: 0.004535 seconds.
  path: Assets/PlatformerSet1/main_lev_build 1_108.asset
  artifactKey: Guid(f688d8035f458634188c2e30dcb35fdd) Importer(815301076,1909f56bfc062723c751e8b465ee728b)
Start importing Assets/PlatformerSet1/main_lev_build 1_108.asset using Guid(f688d8035f458634188c2e30dcb35fdd) Importer(815301076,1909f56bfc062723c751e8b465ee728b)  -> (artifact id: '196550766e4b464802bc58b6c3a63583') in 0.002031 seconds
Number of updated asset objects reloaded before import = 0
Number of asset objects unloaded after import = 1
========================================================================
Received Import Request.
  Time since last request: 0.105243 seconds.
  path: Assets/PlatformerSet1/main_lev_build 1_109.asset
  artifactKey: Guid(6433b79d9ecc37548969da0136e6cd3c) Importer(815301076,1909f56bfc062723c751e8b465ee728b)
Start importing Assets/PlatformerSet1/main_lev_build 1_109.asset using Guid(6433b79d9ecc37548969da0136e6cd3c) Importer(815301076,1909f56bfc062723c751e8b465ee728b)  -> (artifact id: '0b7a17766051f3e8c99174f4e774372e') in 0.001502 seconds
Number of updated asset objects reloaded before import = 0
Number of asset objects unloaded after import = 1
========================================================================
Received Import Request.
  Time since last request: 0.004678 seconds.
  path: Assets/PlatformerSet1/main_lev_build 1_110.asset
  artifactKey: Guid(ca1ff48dff794cc4dbffcc818d899f8b) Importer(815301076,1909f56bfc062723c751e8b465ee728b)
Start importing Assets/PlatformerSet1/main_lev_build 1_110.asset using Guid(ca1ff48dff794cc4dbffcc818d899f8b) Importer(815301076,1909f56bfc062723c751e8b465ee728b)  -> (artifact id: '01ec504db5bf7498aba3ab1b6633c283') in 0.001637 seconds
Number of updated asset objects reloaded before import = 0
Number of asset objects unloaded after import = 1
========================================================================
Received Import Request.
  Time since last request: 0.004345 seconds.
  path: Assets/PlatformerSet1/main_lev_build 1_111.asset
  artifactKey: Guid(4be23401aa9eb9b41b80d0b6995560d2) Importer(815301076,1909f56bfc062723c751e8b465ee728b)
Start importing Assets/PlatformerSet1/main_lev_build 1_111.asset using Guid(4be23401aa9eb9b41b80d0b6995560d2) Importer(815301076,1909f56bfc062723c751e8b465ee728b)  -> (artifact id: '6067315b32cbdd247bb6ef81d075b8db') in 0.001484 seconds
Number of updated asset objects reloaded before import = 0
Number of asset objects unloaded after import = 1
========================================================================
Received Import Request.
  Time since last request: 0.004728 seconds.
  path: Assets/PlatformerSet1/main_lev_build 1_112.asset
  artifactKey: Guid(8d7bf4f397e952e49b3815e982855092) Importer(815301076,1909f56bfc062723c751e8b465ee728b)
Start importing Assets/PlatformerSet1/main_lev_build 1_112.asset using Guid(8d7bf4f397e952e49b3815e982855092) Importer(815301076,1909f56bfc062723c751e8b465ee728b)  -> (artifact id: '22e20e5c06b14b89206b8f0282efeda4') in 0.001488 seconds
Number of updated asset objects reloaded before import = 0
Number of asset objects unloaded after import = 1
========================================================================
Received Import Request.
  Time since last request: 0.004717 seconds.
  path: Assets/PlatformerSet1/main_lev_build 1_113.asset
  artifactKey: Guid(3218c48bf97962b4b92e5e5c3f389976) Importer(815301076,1909f56bfc062723c751e8b465ee728b)
Start importing Assets/PlatformerSet1/main_lev_build 1_113.asset using Guid(3218c48bf97962b4b92e5e5c3f389976) Importer(815301076,1909f56bfc062723c751e8b465ee728b)  -> (artifact id: '48b7ff968ad5bc37e74950f6423c9e53') in 0.001429 seconds
Number of updated asset objects reloaded before import = 0
Number of asset objects unloaded after import = 1
========================================================================
Received Import Request.
  Time since last request: 0.004656 seconds.
  path: Assets/PlatformerSet1/main_lev_build 1_114.asset
  artifactKey: Guid(cad38cfda37f15c4bad54456465aa3a9) Importer(815301076,1909f56bfc062723c751e8b465ee728b)
Start importing Assets/PlatformerSet1/main_lev_build 1_114.asset using Guid(cad38cfda37f15c4bad54456465aa3a9) Importer(815301076,1909f56bfc062723c751e8b465ee728b)  -> (artifact id: 'ada0776990852f96a35e8a7061c6f1fd') in 0.001480 seconds
Number of updated asset objects reloaded before import = 0
Number of asset objects unloaded after import = 1
========================================================================
Received Import Request.
  Time since last request: 0.004569 seconds.
  path: Assets/PlatformerSet1/main_lev_build 1_115.asset
  artifactKey: Guid(fff89c4d3ddcf2c468abae6d86d1b26b) Importer(815301076,1909f56bfc062723c751e8b465ee728b)
Start importing Assets/PlatformerSet1/main_lev_build 1_115.asset using Guid(fff89c4d3ddcf2c468abae6d86d1b26b) Importer(815301076,1909f56bfc062723c751e8b465ee728b)  -> (artifact id: '2b589375699c3e8a7cad4203473de377') in 0.001494 seconds
Number of updated asset objects reloaded before import = 0
Number of asset objects unloaded after import = 1
========================================================================
Received Import Request.
  Time since last request: 0.004548 seconds.
  path: Assets/PlatformerSet1/main_lev_build 1_116.asset
  artifactKey: Guid(b62847a5408592b4da07268dd9bacf9b) Importer(815301076,1909f56bfc062723c751e8b465ee728b)
Start importing Assets/PlatformerSet1/main_lev_build 1_116.asset using Guid(b62847a5408592b4da07268dd9bacf9b) Importer(815301076,1909f56bfc062723c751e8b465ee728b)  -> (artifact id: '9fb5abadd5b42bf2b164cb6905174fc9') in 0.002002 seconds
Number of updated asset objects reloaded before import = 0
Number of asset objects unloaded after import = 1
========================================================================
Received Import Request.
  Time since last request: 0.004292 seconds.
  path: Assets/PlatformerSet1/main_lev_build 1_117.asset
  artifactKey: Guid(2a0bbff6f83b1b246a64aebc8f54ea38) Importer(815301076,1909f56bfc062723c751e8b465ee728b)
Start importing Assets/PlatformerSet1/main_lev_build 1_117.asset using Guid(2a0bbff6f83b1b246a64aebc8f54ea38) Importer(815301076,1909f56bfc062723c751e8b465ee728b)  -> (artifact id: '375b30832d4018d8ea875dfd6d87269b') in 0.001464 seconds
Number of updated asset objects reloaded before import = 0
Number of asset objects unloaded after import = 1
========================================================================
Received Import Request.
  Time since last request: 0.004378 seconds.
  path: Assets/PlatformerSet1/main_lev_build 1_118.asset
  artifactKey: Guid(5a33619d06c07004cb1df5a221846175) Importer(815301076,1909f56bfc062723c751e8b465ee728b)
Start importing Assets/PlatformerSet1/main_lev_build 1_118.asset using Guid(5a33619d06c07004cb1df5a221846175) Importer(815301076,1909f56bfc062723c751e8b465ee728b)  -> (artifact id: '3061c48c4826a23322239bcbb7315a57') in 0.002066 seconds
Number of updated asset objects reloaded before import = 0
Number of asset objects unloaded after import = 1
========================================================================
Received Import Request.
  Time since last request: 0.020466 seconds.
  path: Assets/PlatformerSet1/main_lev_build 1_119.asset
  artifactKey: Guid(1ed93601b01fe9246837c7bec494373c) Importer(815301076,1909f56bfc062723c751e8b465ee728b)
Start importing Assets/PlatformerSet1/main_lev_build 1_119.asset using Guid(1ed93601b01fe9246837c7bec494373c) Importer(815301076,1909f56bfc062723c751e8b465ee728b)  -> (artifact id: 'd328dd245b2a0d24065ca8cbd58cd567') in 0.001529 seconds
Number of updated asset objects reloaded before import = 0
Number of asset objects unloaded after import = 1
========================================================================
Received Import Request.
  Time since last request: 0.004477 seconds.
  path: Assets/PlatformerSet1/main_lev_build 1_120.asset
  artifactKey: Guid(0830c7d61b210c548b8dea14f24bd464) Importer(815301076,1909f56bfc062723c751e8b465ee728b)
Start importing Assets/PlatformerSet1/main_lev_build 1_120.asset using Guid(0830c7d61b210c548b8dea14f24bd464) Importer(815301076,1909f56bfc062723c751e8b465ee728b)  -> (artifact id: 'a1f8763967a2f43d8ef269485a9622b3') in 0.001594 seconds
Number of updated asset objects reloaded before import = 0
Number of asset objects unloaded after import = 1
========================================================================
Received Import Request.
  Time since last request: 0.004784 seconds.
  path: Assets/PlatformerSet1/main_lev_build 1_121.asset
  artifactKey: Guid(09512f7e17b6fc24c8be449754c5ad4d) Importer(815301076,1909f56bfc062723c751e8b465ee728b)
Start importing Assets/PlatformerSet1/main_lev_build 1_121.asset using Guid(09512f7e17b6fc24c8be449754c5ad4d) Importer(815301076,1909f56bfc062723c751e8b465ee728b)  -> (artifact id: '167688dc862cbb7261d3123fe6b46196') in 0.001572 seconds
Number of updated asset objects reloaded before import = 0
Number of asset objects unloaded after import = 1
========================================================================
Received Import Request.
  Time since last request: 0.004517 seconds.
  path: Assets/PlatformerSet1/main_lev_build 1_122.asset
  artifactKey: Guid(f65bf15a1da533b4895b7791f5b7f10b) Importer(815301076,1909f56bfc062723c751e8b465ee728b)
Start importing Assets/PlatformerSet1/main_lev_build 1_122.asset using Guid(f65bf15a1da533b4895b7791f5b7f10b) Importer(815301076,1909f56bfc062723c751e8b465ee728b)  -> (artifact id: '2f1deda378a53d8e187f3fad486bf2a2') in 0.001485 seconds
Number of updated asset objects reloaded before import = 0
Number of asset objects unloaded after import = 1
========================================================================
Received Import Request.
  Time since last request: 0.004575 seconds.
  path: Assets/PlatformerSet1/main_lev_build 1_123.asset
  artifactKey: Guid(f4e1ac8b8f56f6c4a8f988c3c18ff842) Importer(815301076,1909f56bfc062723c751e8b465ee728b)
Start importing Assets/PlatformerSet1/main_lev_build 1_123.asset using Guid(f4e1ac8b8f56f6c4a8f988c3c18ff842) Importer(815301076,1909f56bfc062723c751e8b465ee728b)  -> (artifact id: '6eec20da2fdb4604104630c73616eb94') in 0.001700 seconds
Number of updated asset objects reloaded before import = 0
Number of asset objects unloaded after import = 1
========================================================================
Received Import Request.
  Time since last request: 0.004981 seconds.
  path: Assets/PlatformerSet1/main_lev_build 1_124.asset
  artifactKey: Guid(2d14d081b2efbbf43982d2cd8e83d237) Importer(815301076,1909f56bfc062723c751e8b465ee728b)
Start importing Assets/PlatformerSet1/main_lev_build 1_124.asset using Guid(2d14d081b2efbbf43982d2cd8e83d237) Importer(815301076,1909f56bfc062723c751e8b465ee728b)  -> (artifact id: 'e57663c1221420157e25b93c5bc2fb03') in 0.001717 seconds
Number of updated asset objects reloaded before import = 0
Number of asset objects unloaded after import = 1
========================================================================
Received Import Request.
  Time since last request: 0.004874 seconds.
  path: Assets/PlatformerSet1/main_lev_build 1_125.asset
  artifactKey: Guid(3321e282e579f6e4b90c31773d602dff) Importer(815301076,1909f56bfc062723c751e8b465ee728b)
Start importing Assets/PlatformerSet1/main_lev_build 1_125.asset using Guid(3321e282e579f6e4b90c31773d602dff) Importer(815301076,1909f56bfc062723c751e8b465ee728b)  -> (artifact id: '72d189b238331e7b015934f88efd5eb1') in 0.001607 seconds
Number of updated asset objects reloaded before import = 0
Number of asset objects unloaded after import = 1
========================================================================
Received Import Request.
  Time since last request: 0.004567 seconds.
  path: Assets/PlatformerSet1/main_lev_build 1_126.asset
  artifactKey: Guid(6b933abf7f0b5d94d966d911239ccb11) Importer(815301076,1909f56bfc062723c751e8b465ee728b)
Start importing Assets/PlatformerSet1/main_lev_build 1_126.asset using Guid(6b933abf7f0b5d94d966d911239ccb11) Importer(815301076,1909f56bfc062723c751e8b465ee728b)  -> (artifact id: '19b67b22f12ef7459ea36084b08769e5') in 0.002033 seconds
Number of updated asset objects reloaded before import = 0
Number of asset objects unloaded after import = 1
========================================================================
Received Import Request.
  Time since last request: 0.004399 seconds.
  path: Assets/PlatformerSet1/main_lev_build 1_127.asset
  artifactKey: Guid(73e29c27fadb4fd45ab930fb01cd5889) Importer(815301076,1909f56bfc062723c751e8b465ee728b)
Start importing Assets/PlatformerSet1/main_lev_build 1_127.asset using Guid(73e29c27fadb4fd45ab930fb01cd5889) Importer(815301076,1909f56bfc062723c751e8b465ee728b)  -> (artifact id: '039c8a017ef22be5a806821cca35ab48') in 0.001725 seconds
Number of updated asset objects reloaded before import = 0
Number of asset objects unloaded after import = 1
========================================================================
Received Import Request.
  Time since last request: 0.004237 seconds.
  path: Assets/PlatformerSet1/main_lev_build 1_128.asset
  artifactKey: Guid(5e8be32ea67a1ae42b7201cc742481f2) Importer(815301076,1909f56bfc062723c751e8b465ee728b)
Start importing Assets/PlatformerSet1/main_lev_build 1_128.asset using Guid(5e8be32ea67a1ae42b7201cc742481f2) Importer(815301076,1909f56bfc062723c751e8b465ee728b)  -> (artifact id: '9d6ab1be306343a03d56dc7f50f68a76') in 0.001811 seconds
Number of updated asset objects reloaded before import = 0
Number of asset objects unloaded after import = 1
========================================================================
Received Import Request.
  Time since last request: 0.026458 seconds.
  path: Assets/PlatformerSet1/main_lev_build 1_129.asset
  artifactKey: Guid(b675b9bab4ea68b4f9014929d821e97b) Importer(815301076,1909f56bfc062723c751e8b465ee728b)
Start importing Assets/PlatformerSet1/main_lev_build 1_129.asset using Guid(b675b9bab4ea68b4f9014929d821e97b) Importer(815301076,1909f56bfc062723c751e8b465ee728b)  -> (artifact id: 'c95501492e7333b603fcf71c4b48f899') in 0.001711 seconds
Number of updated asset objects reloaded before import = 0
Number of asset objects unloaded after import = 1
========================================================================
Received Import Request.
  Time since last request: 0.004181 seconds.
  path: Assets/PlatformerSet1/main_lev_build 1_130.asset
  artifactKey: Guid(b7ac25f028d3b22438e1ff847274d265) Importer(815301076,1909f56bfc062723c751e8b465ee728b)
Start importing Assets/PlatformerSet1/main_lev_build 1_130.asset using Guid(b7ac25f028d3b22438e1ff847274d265) Importer(815301076,1909f56bfc062723c751e8b465ee728b)  -> (artifact id: '442e5d10ac79c8ddc72f57128218f753') in 0.001469 seconds
Number of updated asset objects reloaded before import = 0
Number of asset objects unloaded after import = 1
========================================================================
Received Import Request.
  Time since last request: 0.004372 seconds.
  path: Assets/PlatformerSet1/main_lev_build 1_131.asset
  artifactKey: Guid(1babb56e24d8f2a4399e544e16f837da) Importer(815301076,1909f56bfc062723c751e8b465ee728b)
Start importing Assets/PlatformerSet1/main_lev_build 1_131.asset using Guid(1babb56e24d8f2a4399e544e16f837da) Importer(815301076,1909f56bfc062723c751e8b465ee728b)  -> (artifact id: '9edbc93e5e8bc6d2917439d72772144f') in 0.001542 seconds
Number of updated asset objects reloaded before import = 0
Number of asset objects unloaded after import = 1
========================================================================
Received Import Request.
  Time since last request: 0.004342 seconds.
  path: Assets/PlatformerSet1/main_lev_build 1_132.asset
  artifactKey: Guid(e068d58001d7dd64e87c43d470f26733) Importer(815301076,1909f56bfc062723c751e8b465ee728b)
Start importing Assets/PlatformerSet1/main_lev_build 1_132.asset using Guid(e068d58001d7dd64e87c43d470f26733) Importer(815301076,1909f56bfc062723c751e8b465ee728b)  -> (artifact id: '0d760cdb6319f238c7ee1f8207b0a1f2') in 0.001450 seconds
Number of updated asset objects reloaded before import = 0
Number of asset objects unloaded after import = 1
========================================================================
Received Import Request.
  Time since last request: 0.004336 seconds.
  path: Assets/PlatformerSet1/main_lev_build 1_133.asset
  artifactKey: Guid(fe67edb96207b2f4dbef460f7074ff67) Importer(815301076,1909f56bfc062723c751e8b465ee728b)
Start importing Assets/PlatformerSet1/main_lev_build 1_133.asset using Guid(fe67edb96207b2f4dbef460f7074ff67) Importer(815301076,1909f56bfc062723c751e8b465ee728b)  -> (artifact id: 'f59f82095aecbdb262acdf5fda247479') in 0.001445 seconds
Number of updated asset objects reloaded before import = 0
Number of asset objects unloaded after import = 1
========================================================================
Received Import Request.
  Time since last request: 0.004288 seconds.
  path: Assets/PlatformerSet1/main_lev_build 1_134.asset
  artifactKey: Guid(68177dc3997c8ab4990f00e0d4101c39) Importer(815301076,1909f56bfc062723c751e8b465ee728b)
Start importing Assets/PlatformerSet1/main_lev_build 1_134.asset using Guid(68177dc3997c8ab4990f00e0d4101c39) Importer(815301076,1909f56bfc062723c751e8b465ee728b)  -> (artifact id: '741c1240540021a2d6d1b81c762564d6') in 0.001506 seconds
Number of updated asset objects reloaded before import = 0
Number of asset objects unloaded after import = 1
========================================================================
Received Import Request.
  Time since last request: 0.004872 seconds.
  path: Assets/PlatformerSet1/main_lev_build 1_135.asset
  artifactKey: Guid(56ddd37d8d65e6743ad992d48d60a787) Importer(815301076,1909f56bfc062723c751e8b465ee728b)
Start importing Assets/PlatformerSet1/main_lev_build 1_135.asset using Guid(56ddd37d8d65e6743ad992d48d60a787) Importer(815301076,1909f56bfc062723c751e8b465ee728b)  -> (artifact id: '617f7cf2c2096238af0e30ccdadd0eef') in 0.001645 seconds
Number of updated asset objects reloaded before import = 0
Number of asset objects unloaded after import = 1
========================================================================
Received Import Request.
  Time since last request: 0.004190 seconds.
  path: Assets/PlatformerSet1/main_lev_build 1_136.asset
  artifactKey: Guid(fb9f98475fd1546429be35204073ff06) Importer(815301076,1909f56bfc062723c751e8b465ee728b)
Start importing Assets/PlatformerSet1/main_lev_build 1_136.asset using Guid(fb9f98475fd1546429be35204073ff06) Importer(815301076,1909f56bfc062723c751e8b465ee728b)  -> (artifact id: 'c09c3f3ac4bca2e91b6f57d92e9be837') in 0.001729 seconds
Number of updated asset objects reloaded before import = 0
Number of asset objects unloaded after import = 1
========================================================================
Received Import Request.
  Time since last request: 0.004207 seconds.
  path: Assets/PlatformerSet1/main_lev_build 1_137.asset
  artifactKey: Guid(f19a0668468c2a042818eff7b3d9ce88) Importer(815301076,1909f56bfc062723c751e8b465ee728b)
Start importing Assets/PlatformerSet1/main_lev_build 1_137.asset using Guid(f19a0668468c2a042818eff7b3d9ce88) Importer(815301076,1909f56bfc062723c751e8b465ee728b)  -> (artifact id: '5daac366999da2477a20000661364f65') in 0.001674 seconds
Number of updated asset objects reloaded before import = 0
Number of asset objects unloaded after import = 1
========================================================================
Received Import Request.
  Time since last request: 0.003957 seconds.
  path: Assets/PlatformerSet1/main_lev_build 1_138.asset
  artifactKey: Guid(16c37a0861f16b84b96dbb859704d012) Importer(815301076,1909f56bfc062723c751e8b465ee728b)
Start importing Assets/PlatformerSet1/main_lev_build 1_138.asset using Guid(16c37a0861f16b84b96dbb859704d012) Importer(815301076,1909f56bfc062723c751e8b465ee728b)  -> (artifact id: '7fb4d32f1510c57268865c8d36c700fb') in 0.001733 seconds
Number of updated asset objects reloaded before import = 0
Number of asset objects unloaded after import = 1
========================================================================
Received Import Request.
  Time since last request: 0.081619 seconds.
  path: Assets/PlatformerSet1/main_lev_build 1_139.asset
  artifactKey: Guid(73b1ca9bb63044a4caa9d6bc30372d32) Importer(815301076,1909f56bfc062723c751e8b465ee728b)
Start importing Assets/PlatformerSet1/main_lev_build 1_139.asset using Guid(73b1ca9bb63044a4caa9d6bc30372d32) Importer(815301076,1909f56bfc062723c751e8b465ee728b)  -> (artifact id: '6afd7129770c39e822fe1f409693560e') in 0.001747 seconds
Number of updated asset objects reloaded before import = 0
Number of asset objects unloaded after import = 1
========================================================================
Received Import Request.
  Time since last request: 0.004206 seconds.
  path: Assets/PlatformerSet1/main_lev_build 1_140.asset
  artifactKey: Guid(9759d66a1189c964c929b7077d576652) Importer(815301076,1909f56bfc062723c751e8b465ee728b)
Start importing Assets/PlatformerSet1/main_lev_build 1_140.asset using Guid(9759d66a1189c964c929b7077d576652) Importer(815301076,1909f56bfc062723c751e8b465ee728b)  -> (artifact id: 'f57d45a49177c4d4ceb4d8bd697b1e63') in 0.001670 seconds
Number of updated asset objects reloaded before import = 0
Number of asset objects unloaded after import = 1
========================================================================
Received Import Request.
  Time since last request: 0.005229 seconds.
  path: Assets/PlatformerSet1/main_lev_build 1_141.asset
  artifactKey: Guid(5c6538a0bf22a874aabd064dfa6c8ebe) Importer(815301076,1909f56bfc062723c751e8b465ee728b)
Start importing Assets/PlatformerSet1/main_lev_build 1_141.asset using Guid(5c6538a0bf22a874aabd064dfa6c8ebe) Importer(815301076,1909f56bfc062723c751e8b465ee728b)  -> (artifact id: 'ca17ab06778b9ebde0948f2abb111650') in 0.001813 seconds
Number of updated asset objects reloaded before import = 0
Number of asset objects unloaded after import = 1
========================================================================
Received Import Request.
  Time since last request: 0.004535 seconds.
  path: Assets/PlatformerSet1/main_lev_build 1_142.asset
  artifactKey: Guid(d8615e50628cbba4c8188f992a31787b) Importer(815301076,1909f56bfc062723c751e8b465ee728b)
Start importing Assets/PlatformerSet1/main_lev_build 1_142.asset using Guid(d8615e50628cbba4c8188f992a31787b) Importer(815301076,1909f56bfc062723c751e8b465ee728b)  -> (artifact id: 'b040e8dc49e2cfa479b62f173b9ccf45') in 0.001490 seconds
Number of updated asset objects reloaded before import = 0
Number of asset objects unloaded after import = 1
========================================================================
Received Import Request.
  Time since last request: 0.004772 seconds.
  path: Assets/PlatformerSet1/main_lev_build 1_143.asset
  artifactKey: Guid(aa3563a9eb5a3004b93a63ad8f1789ee) Importer(815301076,1909f56bfc062723c751e8b465ee728b)
Start importing Assets/PlatformerSet1/main_lev_build 1_143.asset using Guid(aa3563a9eb5a3004b93a63ad8f1789ee) Importer(815301076,1909f56bfc062723c751e8b465ee728b)  -> (artifact id: '55105e58989d1832dcd26c3291ca412e') in 0.001455 seconds
Number of updated asset objects reloaded before import = 0
Number of asset objects unloaded after import = 1
========================================================================
Received Import Request.
  Time since last request: 0.004756 seconds.
  path: Assets/PlatformerSet1/main_lev_build 1_144.asset
  artifactKey: Guid(463a6b4ad9b8cb74f8d78320ccff1a36) Importer(815301076,1909f56bfc062723c751e8b465ee728b)
Start importing Assets/PlatformerSet1/main_lev_build 1_144.asset using Guid(463a6b4ad9b8cb74f8d78320ccff1a36) Importer(815301076,1909f56bfc062723c751e8b465ee728b)  -> (artifact id: '8a09a8452e7542a7abb359c7bde15d00') in 0.001466 seconds
Number of updated asset objects reloaded before import = 0
Number of asset objects unloaded after import = 1
========================================================================
Received Import Request.
  Time since last request: 0.004609 seconds.
  path: Assets/PlatformerSet1/main_lev_build 1_145.asset
  artifactKey: Guid(5791b9ae3b539e74298051e56ee87bc3) Importer(815301076,1909f56bfc062723c751e8b465ee728b)
Start importing Assets/PlatformerSet1/main_lev_build 1_145.asset using Guid(5791b9ae3b539e74298051e56ee87bc3) Importer(815301076,1909f56bfc062723c751e8b465ee728b)  -> (artifact id: '38364956a73b1afbeb0ecf90f012557f') in 0.001712 seconds
Number of updated asset objects reloaded before import = 0
Number of asset objects unloaded after import = 1
========================================================================
Received Import Request.
  Time since last request: 0.004295 seconds.
  path: Assets/PlatformerSet1/main_lev_build 1_146.asset
  artifactKey: Guid(7e0a6e70d217fb649922ee4a201f7887) Importer(815301076,1909f56bfc062723c751e8b465ee728b)
Start importing Assets/PlatformerSet1/main_lev_build 1_146.asset using Guid(7e0a6e70d217fb649922ee4a201f7887) Importer(815301076,1909f56bfc062723c751e8b465ee728b)  -> (artifact id: 'd80efd764041ee01458e9a9116758eb5') in 0.001758 seconds
Number of updated asset objects reloaded before import = 0
Number of asset objects unloaded after import = 1
========================================================================
Received Import Request.
  Time since last request: 0.004478 seconds.
  path: Assets/PlatformerSet1/main_lev_build 1_147.asset
  artifactKey: Guid(8c49650b35d45d4438f387af48d4a731) Importer(815301076,1909f56bfc062723c751e8b465ee728b)
Start importing Assets/PlatformerSet1/main_lev_build 1_147.asset using Guid(8c49650b35d45d4438f387af48d4a731) Importer(815301076,1909f56bfc062723c751e8b465ee728b)  -> (artifact id: 'b9e4e7a60c7a3b1a909bcd5cf0ddad51') in 0.001438 seconds
Number of updated asset objects reloaded before import = 0
Number of asset objects unloaded after import = 1
========================================================================
Received Import Request.
  Time since last request: 0.004561 seconds.
  path: Assets/PlatformerSet1/main_lev_build 1_148.asset
  artifactKey: Guid(3d1e07f206ee64442873f03f1b6ec5a1) Importer(815301076,1909f56bfc062723c751e8b465ee728b)
Start importing Assets/PlatformerSet1/main_lev_build 1_148.asset using Guid(3d1e07f206ee64442873f03f1b6ec5a1) Importer(815301076,1909f56bfc062723c751e8b465ee728b)  -> (artifact id: '0121913f8c19a2c3c961d2b489b776b7') in 0.001618 seconds
Number of updated asset objects reloaded before import = 0
Number of asset objects unloaded after import = 1
========================================================================
Received Import Request.
  Time since last request: 0.020781 seconds.
  path: Assets/PlatformerSet1/main_lev_build 1_149.asset
  artifactKey: Guid(7ac37950a90b71b48a0c367d9f9900af) Importer(815301076,1909f56bfc062723c751e8b465ee728b)
Start importing Assets/PlatformerSet1/main_lev_build 1_149.asset using Guid(7ac37950a90b71b48a0c367d9f9900af) Importer(815301076,1909f56bfc062723c751e8b465ee728b)  -> (artifact id: '2ff7f0ff6664a727cd22a96c6e45d4a4') in 0.002492 seconds
Number of updated asset objects reloaded before import = 0
Number of asset objects unloaded after import = 1
========================================================================
Received Import Request.
  Time since last request: 0.005132 seconds.
  path: Assets/PlatformerSet1/main_lev_build 1_150.asset
  artifactKey: Guid(d43d7ecbd5c30214d82450e63668f718) Importer(815301076,1909f56bfc062723c751e8b465ee728b)
Start importing Assets/PlatformerSet1/main_lev_build 1_150.asset using Guid(d43d7ecbd5c30214d82450e63668f718) Importer(815301076,1909f56bfc062723c751e8b465ee728b)  -> (artifact id: 'ecd1f3aaa05aa1cd2ed91ede38bd634e') in 0.001611 seconds
Number of updated asset objects reloaded before import = 0
Number of asset objects unloaded after import = 1
========================================================================
Received Import Request.
  Time since last request: 0.004701 seconds.
  path: Assets/PlatformerSet1/main_lev_build 1_151.asset
  artifactKey: Guid(9109c2f1a3faa5d40b32a4c63cd7636f) Importer(815301076,1909f56bfc062723c751e8b465ee728b)
Start importing Assets/PlatformerSet1/main_lev_build 1_151.asset using Guid(9109c2f1a3faa5d40b32a4c63cd7636f) Importer(815301076,1909f56bfc062723c751e8b465ee728b)  -> (artifact id: 'f488fc7b142a8e0c3a0b8397615c8213') in 0.001467 seconds
Number of updated asset objects reloaded before import = 0
Number of asset objects unloaded after import = 1
========================================================================
Received Import Request.
  Time since last request: 0.004454 seconds.
  path: Assets/PlatformerSet1/main_lev_build 1_152.asset
  artifactKey: Guid(78e61444bc40e654aaeb6807660e36c6) Importer(815301076,1909f56bfc062723c751e8b465ee728b)
Start importing Assets/PlatformerSet1/main_lev_build 1_152.asset using Guid(78e61444bc40e654aaeb6807660e36c6) Importer(815301076,1909f56bfc062723c751e8b465ee728b)  -> (artifact id: 'fc91b0cec523b308a506e293afa67e1f') in 0.001549 seconds
Number of updated asset objects reloaded before import = 0
Number of asset objects unloaded after import = 1
========================================================================
Received Import Request.
  Time since last request: 0.004534 seconds.
  path: Assets/PlatformerSet1/main_lev_build 1_153.asset
  artifactKey: Guid(401f537f2863a4540a4d00e1c44898d5) Importer(815301076,1909f56bfc062723c751e8b465ee728b)
Start importing Assets/PlatformerSet1/main_lev_build 1_153.asset using Guid(401f537f2863a4540a4d00e1c44898d5) Importer(815301076,1909f56bfc062723c751e8b465ee728b)  -> (artifact id: 'c436b7c72e3c22342cc340588345e90f') in 0.001470 seconds
Number of updated asset objects reloaded before import = 0
Number of asset objects unloaded after import = 1
========================================================================
Received Import Request.
  Time since last request: 0.004623 seconds.
  path: Assets/PlatformerSet1/main_lev_build 1_154.asset
  artifactKey: Guid(4104af528cabcce459f7dd45ad5a6eaf) Importer(815301076,1909f56bfc062723c751e8b465ee728b)
Start importing Assets/PlatformerSet1/main_lev_build 1_154.asset using Guid(4104af528cabcce459f7dd45ad5a6eaf) Importer(815301076,1909f56bfc062723c751e8b465ee728b)  -> (artifact id: 'cdd03c0156da480794099c640c317399') in 0.001450 seconds
Number of updated asset objects reloaded before import = 0
Number of asset objects unloaded after import = 1
========================================================================
Received Import Request.
  Time since last request: 0.004503 seconds.
  path: Assets/PlatformerSet1/main_lev_build 1_155.asset
  artifactKey: Guid(49b66740edfa8a243bcb89597647904e) Importer(815301076,1909f56bfc062723c751e8b465ee728b)
Start importing Assets/PlatformerSet1/main_lev_build 1_155.asset using Guid(49b66740edfa8a243bcb89597647904e) Importer(815301076,1909f56bfc062723c751e8b465ee728b)  -> (artifact id: '48fcf89e1076d2e80f4660d9b7654f05') in 0.001426 seconds
Number of updated asset objects reloaded before import = 0
Number of asset objects unloaded after import = 1
========================================================================
Received Import Request.
  Time since last request: 0.004634 seconds.
  path: Assets/PlatformerSet1/main_lev_build 1_156.asset
  artifactKey: Guid(8c6cff3a63ff4f3448a87ba9abf20ca5) Importer(815301076,1909f56bfc062723c751e8b465ee728b)
Start importing Assets/PlatformerSet1/main_lev_build 1_156.asset using Guid(8c6cff3a63ff4f3448a87ba9abf20ca5) Importer(815301076,1909f56bfc062723c751e8b465ee728b)  -> (artifact id: 'c54076b9822d4c41c9fcde8e104dc4e9') in 0.001742 seconds
Number of updated asset objects reloaded before import = 0
Number of asset objects unloaded after import = 1
========================================================================
Received Import Request.
  Time since last request: 0.004550 seconds.
  path: Assets/PlatformerSet1/main_lev_build 1_157.asset
  artifactKey: Guid(91d07477cd8c9ea44843685c49d3bc9f) Importer(815301076,1909f56bfc062723c751e8b465ee728b)
Start importing Assets/PlatformerSet1/main_lev_build 1_157.asset using Guid(91d07477cd8c9ea44843685c49d3bc9f) Importer(815301076,1909f56bfc062723c751e8b465ee728b)  -> (artifact id: '68b3c3167eb9c7f3004b5e5d8f0ecf65') in 0.001647 seconds
Number of updated asset objects reloaded before import = 0
Number of asset objects unloaded after import = 1
========================================================================
Received Import Request.
  Time since last request: 0.004372 seconds.
  path: Assets/PlatformerSet1/main_lev_build 1_158.asset
  artifactKey: Guid(6c5c40f4ab468a04185a7090ee5285e6) Importer(815301076,1909f56bfc062723c751e8b465ee728b)
Start importing Assets/PlatformerSet1/main_lev_build 1_158.asset using Guid(6c5c40f4ab468a04185a7090ee5285e6) Importer(815301076,1909f56bfc062723c751e8b465ee728b)  -> (artifact id: '3da0833aa9ba5c7f82388bec9bdc6cfb') in 0.001775 seconds
Number of updated asset objects reloaded before import = 0
Number of asset objects unloaded after import = 1
========================================================================
Received Import Request.
  Time since last request: 0.124918 seconds.
  path: Assets/PlatformerSet1/main_lev_build 1_159.asset
  artifactKey: Guid(141a4e8d17af3824481fea3a3fa3ffb3) Importer(815301076,1909f56bfc062723c751e8b465ee728b)
Start importing Assets/PlatformerSet1/main_lev_build 1_159.asset using Guid(141a4e8d17af3824481fea3a3fa3ffb3) Importer(815301076,1909f56bfc062723c751e8b465ee728b)  -> (artifact id: 'a43b4412ab3f58b25848042407679233') in 0.001689 seconds
Number of updated asset objects reloaded before import = 0
Number of asset objects unloaded after import = 1
========================================================================
Received Import Request.
  Time since last request: 0.004205 seconds.
  path: Assets/PlatformerSet1/main_lev_build 1_160.asset
  artifactKey: Guid(cf47d8c6978be084ca452f98fa30a70f) Importer(815301076,1909f56bfc062723c751e8b465ee728b)
Start importing Assets/PlatformerSet1/main_lev_build 1_160.asset using Guid(cf47d8c6978be084ca452f98fa30a70f) Importer(815301076,1909f56bfc062723c751e8b465ee728b)  -> (artifact id: '5f2552698361e40b9ea19032be0ef362') in 0.001599 seconds
Number of updated asset objects reloaded before import = 0
Number of asset objects unloaded after import = 1
========================================================================
Received Import Request.
  Time since last request: 0.004575 seconds.
  path: Assets/PlatformerSet1/main_lev_build 1_161.asset
  artifactKey: Guid(d40c8e87ff6d12a4480807d34a9b83e3) Importer(815301076,1909f56bfc062723c751e8b465ee728b)
Start importing Assets/PlatformerSet1/main_lev_build 1_161.asset using Guid(d40c8e87ff6d12a4480807d34a9b83e3) Importer(815301076,1909f56bfc062723c751e8b465ee728b)  -> (artifact id: 'f286edd7f93caf26795698ba25100ed7') in 0.001494 seconds
Number of updated asset objects reloaded before import = 0
Number of asset objects unloaded after import = 1
========================================================================
Received Import Request.
  Time since last request: 0.004308 seconds.
  path: Assets/PlatformerSet1/main_lev_build 1_162.asset
  artifactKey: Guid(762842800544d6647a31da95d5e74764) Importer(815301076,1909f56bfc062723c751e8b465ee728b)
Start importing Assets/PlatformerSet1/main_lev_build 1_162.asset using Guid(762842800544d6647a31da95d5e74764) Importer(815301076,1909f56bfc062723c751e8b465ee728b)  -> (artifact id: 'a75aed4ec102334f5a49aaca89774236') in 0.001398 seconds
Number of updated asset objects reloaded before import = 0
Number of asset objects unloaded after import = 1
========================================================================
Received Import Request.
  Time since last request: 0.004930 seconds.
  path: Assets/PlatformerSet1/main_lev_build 1_163.asset
  artifactKey: Guid(2584f8525303bd64390997fac4669b4a) Importer(815301076,1909f56bfc062723c751e8b465ee728b)
Start importing Assets/PlatformerSet1/main_lev_build 1_163.asset using Guid(2584f8525303bd64390997fac4669b4a) Importer(815301076,1909f56bfc062723c751e8b465ee728b)  -> (artifact id: 'e66271cf976314f34decefc7d93cc692') in 0.001419 seconds
Number of updated asset objects reloaded before import = 0
Number of asset objects unloaded after import = 1
========================================================================
Received Import Request.
  Time since last request: 0.004619 seconds.
  path: Assets/PlatformerSet1/main_lev_build 1_164.asset
  artifactKey: Guid(fa2013bf6d1609943a14a4914ac7650f) Importer(815301076,1909f56bfc062723c751e8b465ee728b)
Start importing Assets/PlatformerSet1/main_lev_build 1_164.asset using Guid(fa2013bf6d1609943a14a4914ac7650f) Importer(815301076,1909f56bfc062723c751e8b465ee728b)  -> (artifact id: '3277a557a297415eaf605063783c23e8') in 0.002127 seconds
Number of updated asset objects reloaded before import = 0
Number of asset objects unloaded after import = 1
========================================================================
Received Import Request.
  Time since last request: 0.004252 seconds.
  path: Assets/PlatformerSet1/main_lev_build 1_165.asset
  artifactKey: Guid(4b00d57e25cb1534dbe5d0de94376fea) Importer(815301076,1909f56bfc062723c751e8b465ee728b)
Start importing Assets/PlatformerSet1/main_lev_build 1_165.asset using Guid(4b00d57e25cb1534dbe5d0de94376fea) Importer(815301076,1909f56bfc062723c751e8b465ee728b)  -> (artifact id: '3919de449fa4e7195c89619ae5c419c7') in 0.001577 seconds
Number of updated asset objects reloaded before import = 0
Number of asset objects unloaded after import = 1
========================================================================
Received Import Request.
  Time since last request: 0.005000 seconds.
  path: Assets/PlatformerSet1/main_lev_build 1_166.asset
  artifactKey: Guid(76b22e2749d95d74fa7f3ed12769bf83) Importer(815301076,1909f56bfc062723c751e8b465ee728b)
Start importing Assets/PlatformerSet1/main_lev_build 1_166.asset using Guid(76b22e2749d95d74fa7f3ed12769bf83) Importer(815301076,1909f56bfc062723c751e8b465ee728b)  -> (artifact id: '3d0b40e3636bf27ee5ac27af520e9d4f') in 0.001394 seconds
Number of updated asset objects reloaded before import = 0
Number of asset objects unloaded after import = 1
========================================================================
Received Import Request.
  Time since last request: 0.004555 seconds.
  path: Assets/PlatformerSet1/main_lev_build 1_167.asset
  artifactKey: Guid(5ad119518cf86ec41a7434f7d8badf39) Importer(815301076,1909f56bfc062723c751e8b465ee728b)
Start importing Assets/PlatformerSet1/main_lev_build 1_167.asset using Guid(5ad119518cf86ec41a7434f7d8badf39) Importer(815301076,1909f56bfc062723c751e8b465ee728b)  -> (artifact id: 'd5633b637b5ca4e4dc268a8b101970d7') in 0.001404 seconds
Number of updated asset objects reloaded before import = 0
Number of asset objects unloaded after import = 1
========================================================================
Received Import Request.
  Time since last request: 0.004456 seconds.
  path: Assets/PlatformerSet1/main_lev_build 1_168.asset
  artifactKey: Guid(6265ea55e919b13479095091f77c16be) Importer(815301076,1909f56bfc062723c751e8b465ee728b)
Start importing Assets/PlatformerSet1/main_lev_build 1_168.asset using Guid(6265ea55e919b13479095091f77c16be) Importer(815301076,1909f56bfc062723c751e8b465ee728b)  -> (artifact id: '0362e3743f0737aea6944101a8fd63e2') in 0.001650 seconds
Number of updated asset objects reloaded before import = 0
Number of asset objects unloaded after import = 1
========================================================================
Received Import Request.
  Time since last request: 0.019749 seconds.
  path: Assets/PlatformerSet1/main_lev_build 1_169.asset
  artifactKey: Guid(b782d2045dc039e4e9a6c42414135842) Importer(815301076,1909f56bfc062723c751e8b465ee728b)
Start importing Assets/PlatformerSet1/main_lev_build 1_169.asset using Guid(b782d2045dc039e4e9a6c42414135842) Importer(815301076,1909f56bfc062723c751e8b465ee728b)  -> (artifact id: 'b6dee98d0ae44ade7c2538f861c2e45e') in 0.001814 seconds
Number of updated asset objects reloaded before import = 0
Number of asset objects unloaded after import = 1
========================================================================
Received Import Request.
  Time since last request: 0.005825 seconds.
  path: Assets/PlatformerSet1/main_lev_build 1_170.asset
  artifactKey: Guid(1c0d2d68ea7a04842bd064bfb36c5cef) Importer(815301076,1909f56bfc062723c751e8b465ee728b)
Start importing Assets/PlatformerSet1/main_lev_build 1_170.asset using Guid(1c0d2d68ea7a04842bd064bfb36c5cef) Importer(815301076,1909f56bfc062723c751e8b465ee728b)  -> (artifact id: '25ab9959700dda15a6d2fa360581ca5c') in 0.001467 seconds
Number of updated asset objects reloaded before import = 0
Number of asset objects unloaded after import = 1
========================================================================
Received Import Request.
  Time since last request: 0.004678 seconds.
  path: Assets/PlatformerSet1/main_lev_build 1_171.asset
  artifactKey: Guid(601346e515cdd7941a6f209190e9f12c) Importer(815301076,1909f56bfc062723c751e8b465ee728b)
Start importing Assets/PlatformerSet1/main_lev_build 1_171.asset using Guid(601346e515cdd7941a6f209190e9f12c) Importer(815301076,1909f56bfc062723c751e8b465ee728b)  -> (artifact id: '8a9d79fc3a338864fdcbdf97f5e91662') in 0.001442 seconds
Number of updated asset objects reloaded before import = 0
Number of asset objects unloaded after import = 1
========================================================================
Received Import Request.
  Time since last request: 0.004585 seconds.
  path: Assets/PlatformerSet1/main_lev_build 1_172.asset
  artifactKey: Guid(711554d5e5521914da3574cf5893790a) Importer(815301076,1909f56bfc062723c751e8b465ee728b)
Start importing Assets/PlatformerSet1/main_lev_build 1_172.asset using Guid(711554d5e5521914da3574cf5893790a) Importer(815301076,1909f56bfc062723c751e8b465ee728b)  -> (artifact id: '71741631193f458fab720ae2bfd81b05') in 0.001747 seconds
Number of updated asset objects reloaded before import = 0
Number of asset objects unloaded after import = 1
========================================================================
Received Import Request.
  Time since last request: 0.004362 seconds.
  path: Assets/PlatformerSet1/main_lev_build 1_173.asset
  artifactKey: Guid(ea1645f664219f94ba434f794f6ce5a6) Importer(815301076,1909f56bfc062723c751e8b465ee728b)
Start importing Assets/PlatformerSet1/main_lev_build 1_173.asset using Guid(ea1645f664219f94ba434f794f6ce5a6) Importer(815301076,1909f56bfc062723c751e8b465ee728b)  -> (artifact id: '6636d4c17c51ea6a99d37ca48702cc55') in 0.001406 seconds
Number of updated asset objects reloaded before import = 0
Number of asset objects unloaded after import = 1
========================================================================
Received Import Request.
  Time since last request: 0.004653 seconds.
  path: Assets/PlatformerSet1/main_lev_build 1_174.asset
  artifactKey: Guid(86af5337ed34e484dbbf50b09d666c3d) Importer(815301076,1909f56bfc062723c751e8b465ee728b)
Start importing Assets/PlatformerSet1/main_lev_build 1_174.asset using Guid(86af5337ed34e484dbbf50b09d666c3d) Importer(815301076,1909f56bfc062723c751e8b465ee728b)  -> (artifact id: '84668666fbda05eaa72766c1debe6024') in 0.001491 seconds
Number of updated asset objects reloaded before import = 0
Number of asset objects unloaded after import = 1
========================================================================
Received Import Request.
  Time since last request: 0.005203 seconds.
  path: Assets/PlatformerSet1/main_lev_build 1_175.asset
  artifactKey: Guid(21a362274e49cfb4b9543dbfa995f3b6) Importer(815301076,1909f56bfc062723c751e8b465ee728b)
Start importing Assets/PlatformerSet1/main_lev_build 1_175.asset using Guid(21a362274e49cfb4b9543dbfa995f3b6) Importer(815301076,1909f56bfc062723c751e8b465ee728b)  -> (artifact id: 'c3efa2962551456afa1e1708bcd62796') in 0.001416 seconds
Number of updated asset objects reloaded before import = 0
Number of asset objects unloaded after import = 1
========================================================================
Received Import Request.
  Time since last request: 0.004545 seconds.
  path: Assets/PlatformerSet1/main_lev_build 1_176.asset
  artifactKey: Guid(12b64988846db5343ab353cd4fb141cf) Importer(815301076,1909f56bfc062723c751e8b465ee728b)
Start importing Assets/PlatformerSet1/main_lev_build 1_176.asset using Guid(12b64988846db5343ab353cd4fb141cf) Importer(815301076,1909f56bfc062723c751e8b465ee728b)  -> (artifact id: '8c81087afea997206383f794fa4838ad') in 0.001446 seconds
Number of updated asset objects reloaded before import = 0
Number of asset objects unloaded after import = 1
========================================================================
Received Import Request.
  Time since last request: 0.005062 seconds.
  path: Assets/PlatformerSet1/main_lev_build 1_177.asset
  artifactKey: Guid(44e5e2afa072fdb4ea760dd46210c087) Importer(815301076,1909f56bfc062723c751e8b465ee728b)
Start importing Assets/PlatformerSet1/main_lev_build 1_177.asset using Guid(44e5e2afa072fdb4ea760dd46210c087) Importer(815301076,1909f56bfc062723c751e8b465ee728b)  -> (artifact id: '0570541732f3a211ecd6bf6f9587a8a2') in 0.001466 seconds
Number of updated asset objects reloaded before import = 0
Number of asset objects unloaded after import = 1
========================================================================
Received Import Request.
  Time since last request: 0.009662 seconds.
  path: Assets/PlatformerSet1/main_lev_build 1_178.asset
  artifactKey: Guid(f08a1ea5c9907404cbbba0f07c1f7052) Importer(815301076,1909f56bfc062723c751e8b465ee728b)
Start importing Assets/PlatformerSet1/main_lev_build 1_178.asset using Guid(f08a1ea5c9907404cbbba0f07c1f7052) Importer(815301076,1909f56bfc062723c751e8b465ee728b)  -> (artifact id: '15f43c470797c3af65c9cba73a8f94dd') in 0.001632 seconds
Number of updated asset objects reloaded before import = 0
Number of asset objects unloaded after import = 1
========================================================================
Received Import Request.
  Time since last request: 0.004380 seconds.
  path: Assets/PlatformerSet1/main_lev_build 1_179.asset
  artifactKey: Guid(672f89dfcf6e25042bcabd116f878fcf) Importer(815301076,1909f56bfc062723c751e8b465ee728b)
Start importing Assets/PlatformerSet1/main_lev_build 1_179.asset using Guid(672f89dfcf6e25042bcabd116f878fcf) Importer(815301076,1909f56bfc062723c751e8b465ee728b)  -> (artifact id: '0ca3f7cde305c5d5ba5ac90cffc37d18') in 0.001546 seconds
Number of updated asset objects reloaded before import = 0
Number of asset objects unloaded after import = 1
========================================================================
Received Import Request.
  Time since last request: 0.004201 seconds.
  path: Assets/PlatformerSet1/main_lev_build 1_180.asset
  artifactKey: Guid(21ee7edb96ae8f240a711d6bc3554409) Importer(815301076,1909f56bfc062723c751e8b465ee728b)
Start importing Assets/PlatformerSet1/main_lev_build 1_180.asset using Guid(21ee7edb96ae8f240a711d6bc3554409) Importer(815301076,1909f56bfc062723c751e8b465ee728b)  -> (artifact id: '68e0a0058151ba41d1cc6851cf66b97d') in 0.001377 seconds
Number of updated asset objects reloaded before import = 0
Number of asset objects unloaded after import = 1
========================================================================
Received Import Request.
  Time since last request: 0.004727 seconds.
  path: Assets/PlatformerSet1/main_lev_build 1_181.asset
  artifactKey: Guid(1370a7f71a44fd04699d0e3bd10b6a3f) Importer(815301076,1909f56bfc062723c751e8b465ee728b)
Start importing Assets/PlatformerSet1/main_lev_build 1_181.asset using Guid(1370a7f71a44fd04699d0e3bd10b6a3f) Importer(815301076,1909f56bfc062723c751e8b465ee728b)  -> (artifact id: '586d47615e84cdcff83e0bb0bb62f2dc') in 0.001436 seconds
Number of updated asset objects reloaded before import = 0
Number of asset objects unloaded after import = 1
========================================================================
Received Import Request.
  Time since last request: 0.004546 seconds.
  path: Assets/PlatformerSet1/main_lev_build 1_182.asset
  artifactKey: Guid(7c828a4d7b691804dbc16ae7305862f4) Importer(815301076,1909f56bfc062723c751e8b465ee728b)
Start importing Assets/PlatformerSet1/main_lev_build 1_182.asset using Guid(7c828a4d7b691804dbc16ae7305862f4) Importer(815301076,1909f56bfc062723c751e8b465ee728b)  -> (artifact id: '6e93f7c8535b38a85d3297619d2fae34') in 0.001408 seconds
Number of updated asset objects reloaded before import = 0
Number of asset objects unloaded after import = 1
========================================================================
Received Import Request.
  Time since last request: 0.004249 seconds.
  path: Assets/PlatformerSet1/main_lev_build 1_183.asset
  artifactKey: Guid(c4f7c36230fc37047b9973f690abaa5b) Importer(815301076,1909f56bfc062723c751e8b465ee728b)
Start importing Assets/PlatformerSet1/main_lev_build 1_183.asset using Guid(c4f7c36230fc37047b9973f690abaa5b) Importer(815301076,1909f56bfc062723c751e8b465ee728b)  -> (artifact id: '8895cecb49d34072552cfa615ff529f1') in 0.001417 seconds
Number of updated asset objects reloaded before import = 0
Number of asset objects unloaded after import = 1
========================================================================
Received Import Request.
  Time since last request: 0.004498 seconds.
  path: Assets/PlatformerSet1/main_lev_build 1_184.asset
  artifactKey: Guid(5730158f655a28c40aac859a751122d0) Importer(815301076,1909f56bfc062723c751e8b465ee728b)
Start importing Assets/PlatformerSet1/main_lev_build 1_184.asset using Guid(5730158f655a28c40aac859a751122d0) Importer(815301076,1909f56bfc062723c751e8b465ee728b)  -> (artifact id: 'c99934739b0b182d8af13db28f095748') in 0.001419 seconds
Number of updated asset objects reloaded before import = 0
Number of asset objects unloaded after import = 1
========================================================================
Received Import Request.
  Time since last request: 0.004235 seconds.
  path: Assets/PlatformerSet1/main_lev_build 1_185.asset
  artifactKey: Guid(9e5ae11ceb050714f9e7cb33b7e8f82d) Importer(815301076,1909f56bfc062723c751e8b465ee728b)
Start importing Assets/PlatformerSet1/main_lev_build 1_185.asset using Guid(9e5ae11ceb050714f9e7cb33b7e8f82d) Importer(815301076,1909f56bfc062723c751e8b465ee728b)  -> (artifact id: 'e29b59675b25c5940f1495e37e68df58') in 0.001447 seconds
Number of updated asset objects reloaded before import = 0
Number of asset objects unloaded after import = 1
========================================================================
Received Import Request.
  Time since last request: 0.004743 seconds.
  path: Assets/PlatformerSet1/main_lev_build 1_186.asset
  artifactKey: Guid(7d9e077c82714fe44986c24e94fe1c34) Importer(815301076,1909f56bfc062723c751e8b465ee728b)
Start importing Assets/PlatformerSet1/main_lev_build 1_186.asset using Guid(7d9e077c82714fe44986c24e94fe1c34) Importer(815301076,1909f56bfc062723c751e8b465ee728b)  -> (artifact id: 'd3f9d2248bd05dde577bb7ce6458f386') in 0.001424 seconds
Number of updated asset objects reloaded before import = 0
Number of asset objects unloaded after import = 1
========================================================================
Received Import Request.
  Time since last request: 0.004302 seconds.
  path: Assets/PlatformerSet1/main_lev_build 1_187.asset
  artifactKey: Guid(0a47316330004ac40b6e2906fcaa3b19) Importer(815301076,1909f56bfc062723c751e8b465ee728b)
Start importing Assets/PlatformerSet1/main_lev_build 1_187.asset using Guid(0a47316330004ac40b6e2906fcaa3b19) Importer(815301076,1909f56bfc062723c751e8b465ee728b)  -> (artifact id: 'f889b68a2cec45ed679dfd9a26123251') in 0.001421 seconds
Number of updated asset objects reloaded before import = 0
Number of asset objects unloaded after import = 1
========================================================================
Received Import Request.
  Time since last request: 0.004372 seconds.
  path: Assets/PlatformerSet1/main_lev_build 1_188.asset
  artifactKey: Guid(55e7774089c44794ab3b9890b88734a6) Importer(815301076,1909f56bfc062723c751e8b465ee728b)
Start importing Assets/PlatformerSet1/main_lev_build 1_188.asset using Guid(55e7774089c44794ab3b9890b88734a6) Importer(815301076,1909f56bfc062723c751e8b465ee728b)  -> (artifact id: '9d3dc8b268ba432af399d789e567e06d') in 0.001808 seconds
Number of updated asset objects reloaded before import = 0
Number of asset objects unloaded after import = 1
========================================================================
Received Import Request.
  Time since last request: 67.561312 seconds.
  path: Assets/Scripts/LevelManager.cs
  artifactKey: Guid(8370f4786f6dd5b4a9bf9f1c40c24af8) Importer(815301076,1909f56bfc062723c751e8b465ee728b)
Start importing Assets/Scripts/LevelManager.cs using Guid(8370f4786f6dd5b4a9bf9f1c40c24af8) Importer(815301076,1909f56bfc062723c751e8b465ee728b)  -> (artifact id: '974964c1cd9bceaa618ee0e53b534295') in 0.000913 seconds
Number of updated asset objects reloaded before import = 0
Number of asset objects unloaded after import = 0
========================================================================
Received Prepare
Begin MonoManager ReloadAssembly
- Loaded All Assemblies, in  0.371 seconds
Refreshing native plugins compatible for Editor in 0.93 ms, found 0 plugins.
Native extension for WindowsStandalone target not found
Mono: successfully reloaded assembly
- Finished resetting the current domain, in  0.568 seconds
Domain Reload Profiling: 935ms
	BeginReloadAssembly (153ms)
		ExecutionOrderSort (0ms)
		DisableScriptedObjects (7ms)
		BackupInstance (0ms)
		ReleaseScriptingObjects (0ms)
		CreateAndSetChildDomain (23ms)
	RebuildCommonClasses (42ms)
	RebuildNativeTypeToScriptingClass (15ms)
	initialDomainReloadingComplete (32ms)
	LoadAllAssembliesAndSetupDomain (124ms)
		LoadAssemblies (201ms)
		RebuildTransferFunctionScriptingTraits (0ms)
		AnalyzeDomain (13ms)
			TypeCache.Refresh (5ms)
				TypeCache.ScanAssembly (0ms)
			ScanForSourceGeneratedMonoScriptInfo (5ms)
			ResolveRequiredComponents (3ms)
	FinalizeReload (569ms)
		ReleaseScriptCaches (0ms)
		RebuildScriptCaches (0ms)
		SetupLoadedEditorAssemblies (269ms)
			LogAssemblyErrors (0ms)
			InitializePlatformSupportModulesInManaged (6ms)
			SetLoadedEditorAssemblies (2ms)
			RefreshPlugins (0ms)
			BeforeProcessingInitializeOnLoad (51ms)
			ProcessInitializeOnLoadAttributes (164ms)
			ProcessInitializeOnLoadMethodAttributes (32ms)
			AfterProcessingInitializeOnLoad (12ms)
			EditorAssembliesLoaded (0ms)
		ExecutionOrderSort2 (0ms)
		AwakeInstancesAfterBackupRestoration (8ms)
Refreshing native plugins compatible for Editor in 0.91 ms, found 0 plugins.
Preloading 0 native plugins for Editor in 0.00 ms.
Unloading 1137 Unused Serialized files (Serialized files now loaded: 0)
Unloading 10 unused Assets / (24.3 KB). Loaded Objects now: 1626.
Memory consumption went from 79.1 MB to 79.1 MB.
Total: 2.353000 ms (FindLiveObjects: 0.132200 ms CreateObjectMapping: 0.065400 ms MarkObjects: 2.126200 ms  DeleteObjects: 0.028000 ms)

Prepare: number of updated asset objects reloaded= 0
AssetImportParameters requested are different than current active one (requested -> active):
  custom:video-encoder-webm-vp8: eb34c28f22e8b96e1ab97ce403110664 -> 
  custom:video-decoder-webm-vp8: 9c59270c3fd7afecdb556c50c9e8de78 -> 
  custom:audio-decoder-ogg-vorbis: bf7c407c2cedff20999df2af8eb42d56 -> 
  custom:SearchIndexIgnoredProperties: e643bd26f0fe6173181afceb89e7c659 -> 
  custom:container-demuxer-ogg: 62fdf1f143b41e24485cea50d1cbac27 -> 
  custom:AudioImporter_EditorPlatform: d09bf68614088b80899f8185d706f6e7 -> 
  custom:CustomObjectIndexerAttribute: 6d391050e5a25f67b0a2c618074f2cd9 -> 
  custom:container-demuxer-webm: 4f35f7cbe854078d1ac9338744f61a02 -> 
  custom:video-decoder-ogg-theora: a1e56fd34408186e4bbccfd4996cb3dc -> 
  custom:audio-encoder-webm-vorbis: bf7c407c2cedff20999df2af8eb42d56 -> 
  custom:framework-win-MediaFoundation: 216162199b28c13a410421893ffa2e32 -> 
  custom:container-muxer-webm: aa71ff27fc2769a1b78a27578f13a17b -> 
========================================================================
Received Import Request.
  Time since last request: 12.045693 seconds.
  path: Assets/Scripts/LevelManager.cs
  artifactKey: Guid(8370f4786f6dd5b4a9bf9f1c40c24af8) Importer(815301076,1909f56bfc062723c751e8b465ee728b)
Start importing Assets/Scripts/LevelManager.cs using Guid(8370f4786f6dd5b4a9bf9f1c40c24af8) Importer(815301076,1909f56bfc062723c751e8b465ee728b)  -> (artifact id: 'fcbec76935e12927414212d9bbcd9e5c') in 0.001954 seconds
Number of updated asset objects reloaded before import = 0
Number of asset objects unloaded after import = 0
========================================================================
Received Import Request.
  Time since last request: 83.075842 seconds.
  path: Assets/Sprites/Dark Florest/Free Pixel Art Forest/Preview/Background 1_21.asset
  artifactKey: Guid(1fadddc83ac26914bbefc9c869ee5727) Importer(815301076,1909f56bfc062723c751e8b465ee728b)
Start importing Assets/Sprites/Dark Florest/Free Pixel Art Forest/Preview/Background 1_21.asset using Guid(1fadddc83ac26914bbefc9c869ee5727) Importer(815301076,1909f56bfc062723c751e8b465ee728b)  -> (artifact id: 'df74761ddb8df5c1d67db5c922894229') in 0.114128 seconds
Number of updated asset objects reloaded before import = 0
Number of asset objects unloaded after import = 3
========================================================================
Received Import Request.
  Time since last request: 0.024110 seconds.
  path: Assets/Sprites/Dark Florest/Free Pixel Art Forest/Preview/Background 1_27.asset
  artifactKey: Guid(0fb4f1e2cbc651449a763d5948b45cab) Importer(815301076,1909f56bfc062723c751e8b465ee728b)
Start importing Assets/Sprites/Dark Florest/Free Pixel Art Forest/Preview/Background 1_27.asset using Guid(0fb4f1e2cbc651449a763d5948b45cab) Importer(815301076,1909f56bfc062723c751e8b465ee728b)  -> (artifact id: '63660ec2f1d2ce41f84c83a8c0bd1499') in 0.010600 seconds
Number of updated asset objects reloaded before import = 0
Number of asset objects unloaded after import = 3
========================================================================
Received Import Request.
  Time since last request: 0.000026 seconds.
  path: Assets/Sprites/Dark Florest/Free Pixel Art Forest/Preview/Background 1_29.asset
  artifactKey: Guid(2e9892525327ce8408fad612ea3fd49d) Importer(815301076,1909f56bfc062723c751e8b465ee728b)
Start importing Assets/Sprites/Dark Florest/Free Pixel Art Forest/Preview/Background 1_29.asset using Guid(2e9892525327ce8408fad612ea3fd49d) Importer(815301076,1909f56bfc062723c751e8b465ee728b)  -> (artifact id: 'ea651f6fdb9e1dc780e5667220b04a07') in 0.007845 seconds
Number of updated asset objects reloaded before import = 0
Number of asset objects unloaded after import = 3
========================================================================
Received Import Request.
  Time since last request: 0.000024 seconds.
  path: Assets/Sprites/Dark Florest/Free Pixel Art Forest/Preview/Background 1_26.asset
  artifactKey: Guid(60d0ddb645b0e54439019172138f2162) Importer(815301076,1909f56bfc062723c751e8b465ee728b)
Start importing Assets/Sprites/Dark Florest/Free Pixel Art Forest/Preview/Background 1_26.asset using Guid(60d0ddb645b0e54439019172138f2162) Importer(815301076,1909f56bfc062723c751e8b465ee728b)  -> (artifact id: '84f1a111af486ed62170a6858d9ba212') in 0.008977 seconds
Number of updated asset objects reloaded before import = 0
Number of asset objects unloaded after import = 3
========================================================================
Received Import Request.
  Time since last request: 0.000023 seconds.
  path: Assets/Sprites/Dark Florest/Free Pixel Art Forest/Preview/Background 1_24.asset
  artifactKey: Guid(772e2dc6c23fadd4f9ae407166cbed68) Importer(815301076,1909f56bfc062723c751e8b465ee728b)
Start importing Assets/Sprites/Dark Florest/Free Pixel Art Forest/Preview/Background 1_24.asset using Guid(772e2dc6c23fadd4f9ae407166cbed68) Importer(815301076,1909f56bfc062723c751e8b465ee728b)  -> (artifact id: '5ce4d200362af472ab6e54d19ad0a9f6') in 0.008732 seconds
Number of updated asset objects reloaded before import = 0
Number of asset objects unloaded after import = 3
========================================================================
Received Import Request.
  Time since last request: 0.000037 seconds.
  path: Assets/Sprites/Dark Florest/Free Pixel Art Forest/Preview/Background 1_33.asset
  artifactKey: Guid(c8d54fddc34a3fa4b993c108f58f2e79) Importer(815301076,1909f56bfc062723c751e8b465ee728b)
Start importing Assets/Sprites/Dark Florest/Free Pixel Art Forest/Preview/Background 1_33.asset using Guid(c8d54fddc34a3fa4b993c108f58f2e79) Importer(815301076,1909f56bfc062723c751e8b465ee728b)  -> (artifact id: '2ca8799b1a00585a7fea921f8e5b31f4') in 0.009917 seconds
Number of updated asset objects reloaded before import = 0
Number of asset objects unloaded after import = 3
========================================================================
Received Import Request.
  Time since last request: 0.000024 seconds.
  path: Assets/Sprites/Dark Florest/Free Pixel Art Forest/Preview/Background 1_34.asset
  artifactKey: Guid(e13e6b1128d661f47bc469f0b481f2bb) Importer(815301076,1909f56bfc062723c751e8b465ee728b)
Start importing Assets/Sprites/Dark Florest/Free Pixel Art Forest/Preview/Background 1_34.asset using Guid(e13e6b1128d661f47bc469f0b481f2bb) Importer(815301076,1909f56bfc062723c751e8b465ee728b)  -> (artifact id: '664526fbdbf58f9dca5ce70f76ff04e0') in 0.009230 seconds
Number of updated asset objects reloaded before import = 0
Number of asset objects unloaded after import = 3
========================================================================
Received Import Request.
  Time since last request: 0.000034 seconds.
  path: Assets/Sprites/Dark Florest/Free Pixel Art Forest/Preview/Background 1_35.asset
  artifactKey: Guid(9d013be83b6560c40baf8d27abce1e14) Importer(815301076,1909f56bfc062723c751e8b465ee728b)
Start importing Assets/Sprites/Dark Florest/Free Pixel Art Forest/Preview/Background 1_35.asset using Guid(9d013be83b6560c40baf8d27abce1e14) Importer(815301076,1909f56bfc062723c751e8b465ee728b)  -> (artifact id: 'd984f4af01d7f0e0d7da5a8ebd49ace1') in 0.012349 seconds
Number of updated asset objects reloaded before import = 0
Number of asset objects unloaded after import = 3
========================================================================
Received Import Request.
  Time since last request: 0.649081 seconds.
  path: Assets/Sprites/barra de vida.png
  artifactKey: Guid(7798c7d7753015c4cbd3beaefe7d2fa9) Importer(815301076,1909f56bfc062723c751e8b465ee728b)
Start importing Assets/Sprites/barra de vida.png using Guid(7798c7d7753015c4cbd3beaefe7d2fa9) Importer(815301076,1909f56bfc062723c751e8b465ee728b)  -> (artifact id: '1289c608f96dd204bf9132dd99ad43b0') in 0.061588 seconds
Number of updated asset objects reloaded before import = 0
Number of asset objects unloaded after import = 3
========================================================================
Received Prepare
Begin MonoManager ReloadAssembly
- Loaded All Assemblies, in  0.460 seconds
Refreshing native plugins compatible for Editor in 1.44 ms, found 0 plugins.
Native extension for WindowsStandalone target not found
Mono: successfully reloaded assembly
- Finished resetting the current domain, in  0.763 seconds
Domain Reload Profiling: 1218ms
	BeginReloadAssembly (199ms)
		ExecutionOrderSort (0ms)
		DisableScriptedObjects (10ms)
		BackupInstance (0ms)
		ReleaseScriptingObjects (0ms)
		CreateAndSetChildDomain (33ms)
	RebuildCommonClasses (44ms)
	RebuildNativeTypeToScriptingClass (17ms)
	initialDomainReloadingComplete (39ms)
	LoadAllAssembliesAndSetupDomain (155ms)
		LoadAssemblies (268ms)
		RebuildTransferFunctionScriptingTraits (0ms)
		AnalyzeDomain (9ms)
			TypeCache.Refresh (4ms)
				TypeCache.ScanAssembly (0ms)
			ScanForSourceGeneratedMonoScriptInfo (0ms)
			ResolveRequiredComponents (4ms)
	FinalizeReload (763ms)
		ReleaseScriptCaches (0ms)
		RebuildScriptCaches (0ms)
		SetupLoadedEditorAssemblies (370ms)
			LogAssemblyErrors (0ms)
			InitializePlatformSupportModulesInManaged (9ms)
			SetLoadedEditorAssemblies (3ms)
			RefreshPlugins (0ms)
			BeforeProcessingInitializeOnLoad (68ms)
			ProcessInitializeOnLoadAttributes (224ms)
			ProcessInitializeOnLoadMethodAttributes (48ms)
			AfterProcessingInitializeOnLoad (18ms)
			EditorAssembliesLoaded (0ms)
		ExecutionOrderSort2 (0ms)
		AwakeInstancesAfterBackupRestoration (12ms)
Refreshing native plugins compatible for Editor in 1.32 ms, found 0 plugins.
Preloading 0 native plugins for Editor in 0.00 ms.
Unloading 1137 Unused Serialized files (Serialized files now loaded: 0)
Unloading 10 unused Assets / (24.3 KB). Loaded Objects now: 1637.
Memory consumption went from 85.1 MB to 85.1 MB.
Total: 2.548400 ms (FindLiveObjects: 0.176500 ms CreateObjectMapping: 0.110200 ms MarkObjects: 2.233800 ms  DeleteObjects: 0.027100 ms)

Prepare: number of updated asset objects reloaded= 0
AssetImportParameters requested are different than current active one (requested -> active):
  custom:video-encoder-webm-vp8: eb34c28f22e8b96e1ab97ce403110664 -> 
  custom:video-decoder-webm-vp8: 9c59270c3fd7afecdb556c50c9e8de78 -> 
  custom:audio-decoder-ogg-vorbis: bf7c407c2cedff20999df2af8eb42d56 -> 
  custom:SearchIndexIgnoredProperties: e643bd26f0fe6173181afceb89e7c659 -> 
  custom:container-demuxer-ogg: 62fdf1f143b41e24485cea50d1cbac27 -> 
  custom:AudioImporter_EditorPlatform: d09bf68614088b80899f8185d706f6e7 -> 
  custom:CustomObjectIndexerAttribute: 6d391050e5a25f67b0a2c618074f2cd9 -> 
  custom:container-demuxer-webm: 4f35f7cbe854078d1ac9338744f61a02 -> 
  custom:video-decoder-ogg-theora: a1e56fd34408186e4bbccfd4996cb3dc -> 
  custom:audio-encoder-webm-vorbis: bf7c407c2cedff20999df2af8eb42d56 -> 
  custom:framework-win-MediaFoundation: 216162199b28c13a410421893ffa2e32 -> 
  custom:container-muxer-webm: aa71ff27fc2769a1b78a27578f13a17b -> 
Editor requested this worker to shutdown with reason: Scaling down because of idle timeout
TcpMessagingSession - receive error: operation aborted. errorcode: 995, details: A operao de E/S foi anulada devido a uma sada de thread ou a uma requisio de aplicativo.
AssetImportWorker is now disconnected from the server
Process exiting
Exiting without the bug reporter. Application will terminate with return code 0