Using pre-set license
Built from '2022.3/staging' branch; Version is '2022.3.19f1 (244b723c30a6) revision 2378610'; Using compiler version '192829333'; Build Type 'Release'
OS: 'Windows 10  (10.0.19045) 64bit Professional' Language: 'pt' Physical Memory: 16089 MB
BatchMode: 1, IsHumanControllingUs: 0, StartBugReporterOnCrash: 0, Is64bit: 1, IsPro: 1

COMMAND LINE ARGUMENTS:
C:\Program Files\Unity\Hub\Editor\2022.3.19f1\Editor\Unity.exe
-adb2
-batchMode
-noUpm
-name
AssetImportWorker11
-projectPath
C:/Users/ra00346648/Documents/GitHub/GrimFacade
-logFile
Logs/AssetImportWorker11.log
-srvPort
63927
Successfully changed project path to: C:/Users/ra00346648/Documents/GitHub/GrimFacade
C:/Users/ra00346648/Documents/GitHub/GrimFacade
[UnityMemory] Configuration Parameters - Can be set up in boot.config
    "memorysetup-bucket-allocator-granularity=16"
    "memorysetup-bucket-allocator-bucket-count=8"
    "memorysetup-bucket-allocator-block-size=33554432"
    "memorysetup-bucket-allocator-block-count=8"
    "memorysetup-main-allocator-block-size=16777216"
    "memorysetup-thread-allocator-block-size=16777216"
    "memorysetup-gfx-main-allocator-block-size=16777216"
    "memorysetup-gfx-thread-allocator-block-size=16777216"
    "memorysetup-cache-allocator-block-size=4194304"
    "memorysetup-typetree-allocator-block-size=2097152"
    "memorysetup-profiler-bucket-allocator-granularity=16"
    "memorysetup-profiler-bucket-allocator-bucket-count=8"
    "memorysetup-profiler-bucket-allocator-block-size=33554432"
    "memorysetup-profiler-bucket-allocator-block-count=8"
    "memorysetup-profiler-allocator-block-size=16777216"
    "memorysetup-profiler-editor-allocator-block-size=1048576"
    "memorysetup-temp-allocator-size-main=16777216"
    "memorysetup-job-temp-allocator-block-size=2097152"
    "memorysetup-job-temp-allocator-block-size-background=1048576"
    "memorysetup-job-temp-allocator-reduction-small-platforms=262144"
    "memorysetup-allocator-temp-initial-block-size-main=262144"
    "memorysetup-allocator-temp-initial-block-size-worker=262144"
    "memorysetup-temp-allocator-size-background-worker=32768"
    "memorysetup-temp-allocator-size-job-worker=262144"
    "memorysetup-temp-allocator-size-preload-manager=33554432"
    "memorysetup-temp-allocator-size-nav-mesh-worker=65536"
    "memorysetup-temp-allocator-size-audio-worker=65536"
    "memorysetup-temp-allocator-size-cloud-worker=32768"
    "memorysetup-temp-allocator-size-gi-baking-worker=262144"
    "memorysetup-temp-allocator-size-gfx=262144"
Player connection [11024] Host "[IP] 172.17.11.23 [Port] 0 [Flags] 2 [Guid] 2191716009 [EditorId] 2191716009 [Version] 1048832 [Id] WindowsEditor(7,DSP-BRJ3055CJ9) [Debug] 1 [PackageName] WindowsEditor [ProjectName] Editor" joined multi-casting on [225.0.0.222:54997]...

Player connection [11024] Host "[IP] 172.17.11.23 [Port] 0 [Flags] 2 [Guid] 2191716009 [EditorId] 2191716009 [Version] 1048832 [Id] WindowsEditor(7,DSP-BRJ3055CJ9) [Debug] 1 [PackageName] WindowsEditor [ProjectName] Editor" joined alternative multi-casting on [225.0.0.222:34997]...

[Physics::Module] Initialized MultithreadedJobDispatcher with 19 workers.
Refreshing native plugins compatible for Editor in 1.76 ms, found 0 plugins.
Preloading 0 native plugins for Editor in 0.00 ms.
Initialize engine version: 2022.3.19f1 (244b723c30a6)
[Subsystems] Discovering subsystems at path C:/Program Files/Unity/Hub/Editor/2022.3.19f1/Editor/Data/Resources/UnitySubsystems
[Subsystems] Discovering subsystems at path C:/Users/ra00346648/Documents/GitHub/GrimFacade/Assets
GfxDevice: creating device client; threaded=0; jobified=0
Direct3D:
    Version:  Direct3D 11.0 [level 11.1]
    Renderer: NVIDIA T400 4GB (ID=0x1ff2)
    Vendor:   NVIDIA
    VRAM:     3943 MB
    Driver:   31.0.15.5123
Initialize mono
Mono path[0] = 'C:/Program Files/Unity/Hub/Editor/2022.3.19f1/Editor/Data/Managed'
Mono path[1] = 'C:/Program Files/Unity/Hub/Editor/2022.3.19f1/Editor/Data/MonoBleedingEdge/lib/mono/unityjit-win32'
Mono config path = 'C:/Program Files/Unity/Hub/Editor/2022.3.19f1/Editor/Data/MonoBleedingEdge/etc'
Using monoOptions --debugger-agent=transport=dt_socket,embedding=1,server=y,suspend=n,address=127.0.0.1:56692
Begin MonoManager ReloadAssembly
Registering precompiled unity dll's ...
Register platform support module: C:/Program Files/Unity/Hub/Editor/2022.3.19f1/Editor/Data/PlaybackEngines/AndroidPlayer/UnityEditor.Android.Extensions.dll
Register platform support module: C:/Program Files/Unity/Hub/Editor/2022.3.19f1/Editor/Data/PlaybackEngines/iOSSupport/UnityEditor.iOS.Extensions.dll
Register platform support module: C:/Program Files/Unity/Hub/Editor/2022.3.19f1/Editor/Data/PlaybackEngines/WindowsStandaloneSupport/UnityEditor.WindowsStandalone.Extensions.dll
Registered in 0.014691 seconds.
- Loaded All Assemblies, in  0.431 seconds
Native extension for WindowsStandalone target not found
[usbmuxd] Start listen thread
[usbmuxd] Listen thread started
Native extension for iOS target not found
Native extension for Android target not found
Android Extension - Scanning For ADB Devices 269 ms
Mono: successfully reloaded assembly
- Finished resetting the current domain, in  0.659 seconds
Domain Reload Profiling: 1089ms
	BeginReloadAssembly (122ms)
		ExecutionOrderSort (0ms)
		DisableScriptedObjects (0ms)
		BackupInstance (0ms)
		ReleaseScriptingObjects (0ms)
		CreateAndSetChildDomain (1ms)
	RebuildCommonClasses (43ms)
	RebuildNativeTypeToScriptingClass (13ms)
	initialDomainReloadingComplete (83ms)
	LoadAllAssembliesAndSetupDomain (169ms)
		LoadAssemblies (122ms)
		RebuildTransferFunctionScriptingTraits (0ms)
		AnalyzeDomain (166ms)
			TypeCache.Refresh (165ms)
				TypeCache.ScanAssembly (150ms)
			ScanForSourceGeneratedMonoScriptInfo (0ms)
			ResolveRequiredComponents (0ms)
	FinalizeReload (659ms)
		ReleaseScriptCaches (0ms)
		RebuildScriptCaches (0ms)
		SetupLoadedEditorAssemblies (592ms)
			LogAssemblyErrors (0ms)
			InitializePlatformSupportModulesInManaged (403ms)
			SetLoadedEditorAssemblies (4ms)
			RefreshPlugins (0ms)
			BeforeProcessingInitializeOnLoad (2ms)
			ProcessInitializeOnLoadAttributes (129ms)
			ProcessInitializeOnLoadMethodAttributes (53ms)
			AfterProcessingInitializeOnLoad (0ms)
			EditorAssembliesLoaded (0ms)
		ExecutionOrderSort2 (0ms)
		AwakeInstancesAfterBackupRestoration (0ms)
========================================================================
Worker process is ready to serve import requests
Begin MonoManager ReloadAssembly
- Loaded All Assemblies, in  0.442 seconds
Refreshing native plugins compatible for Editor in 0.57 ms, found 0 plugins.
Native extension for WindowsStandalone target not found
Native extension for iOS target not found
Native extension for Android target not found
Mono: successfully reloaded assembly
- Finished resetting the current domain, in  0.468 seconds
Domain Reload Profiling: 909ms
	BeginReloadAssembly (163ms)
		ExecutionOrderSort (0ms)
		DisableScriptedObjects (7ms)
		BackupInstance (0ms)
		ReleaseScriptingObjects (0ms)
		CreateAndSetChildDomain (23ms)
	RebuildCommonClasses (40ms)
	RebuildNativeTypeToScriptingClass (13ms)
	initialDomainReloadingComplete (43ms)
	LoadAllAssembliesAndSetupDomain (182ms)
		LoadAssemblies (222ms)
		RebuildTransferFunctionScriptingTraits (0ms)
		AnalyzeDomain (58ms)
			TypeCache.Refresh (45ms)
				TypeCache.ScanAssembly (34ms)
			ScanForSourceGeneratedMonoScriptInfo (7ms)
			ResolveRequiredComponents (4ms)
	FinalizeReload (468ms)
		ReleaseScriptCaches (0ms)
		RebuildScriptCaches (0ms)
		SetupLoadedEditorAssemblies (310ms)
			LogAssemblyErrors (0ms)
			InitializePlatformSupportModulesInManaged (39ms)
			SetLoadedEditorAssemblies (3ms)
			RefreshPlugins (0ms)
			BeforeProcessingInitializeOnLoad (44ms)
			ProcessInitializeOnLoadAttributes (181ms)
			ProcessInitializeOnLoadMethodAttributes (37ms)
			AfterProcessingInitializeOnLoad (6ms)
			EditorAssembliesLoaded (0ms)
		ExecutionOrderSort2 (0ms)
		AwakeInstancesAfterBackupRestoration (9ms)
Launched and connected shader compiler UnityShaderCompiler.exe after 0.04 seconds
Refreshing native plugins compatible for Editor in 0.28 ms, found 0 plugins.
Preloading 0 native plugins for Editor in 0.00 ms.
Unloading 1125 Unused Serialized files (Serialized files now loaded: 0)
Unloading 20 unused Assets / (52.4 KB). Loaded Objects now: 1604.
Memory consumption went from 82.4 MB to 82.4 MB.
Total: 1.779700 ms (FindLiveObjects: 0.076500 ms CreateObjectMapping: 0.018600 ms MarkObjects: 1.617800 ms  DeleteObjects: 0.065900 ms)

AssetImportParameters requested are different than current active one (requested -> active):
  custom:video-encoder-webm-vp8: eb34c28f22e8b96e1ab97ce403110664 -> 
  custom:video-decoder-webm-vp8: 9c59270c3fd7afecdb556c50c9e8de78 -> 
  custom:audio-decoder-ogg-vorbis: bf7c407c2cedff20999df2af8eb42d56 -> 
  custom:SearchIndexIgnoredProperties: e643bd26f0fe6173181afceb89e7c659 -> 
  custom:container-demuxer-ogg: 62fdf1f143b41e24485cea50d1cbac27 -> 
  custom:AudioImporter_EditorPlatform: d09bf68614088b80899f8185d706f6e7 -> 
  custom:CustomObjectIndexerAttribute: 6d391050e5a25f67b0a2c618074f2cd9 -> 
  custom:container-demuxer-webm: 4f35f7cbe854078d1ac9338744f61a02 -> 
  custom:video-decoder-ogg-theora: a1e56fd34408186e4bbccfd4996cb3dc -> 
  custom:audio-encoder-webm-vorbis: bf7c407c2cedff20999df2af8eb42d56 -> 
  custom:framework-win-MediaFoundation: 216162199b28c13a410421893ffa2e32 -> 
  custom:container-muxer-webm: aa71ff27fc2769a1b78a27578f13a17b -> 
========================================================================
Received Import Request.
  Time since last request: 130908.514274 seconds.
  path: Assets/Sprites/Tiles/128_32.png
  artifactKey: Guid(f4687eed7d60ada439e629f9f523b129) Importer(815301076,1909f56bfc062723c751e8b465ee728b)
Start importing Assets/Sprites/Tiles/128_32.png using Guid(f4687eed7d60ada439e629f9f523b129) Importer(815301076,1909f56bfc062723c751e8b465ee728b)  -> (artifact id: '1d9c4753600c6d09b37100157b9b3718') in 0.093940 seconds
Number of updated asset objects reloaded before import = 0
Number of asset objects unloaded after import = 3
========================================================================
Received Import Request.
  Time since last request: 0.000022 seconds.
  path: Assets/Sprites/Tiles/144_80.png
  artifactKey: Guid(8bc3b93e246c11146b254724dd924c4c) Importer(815301076,1909f56bfc062723c751e8b465ee728b)
Start importing Assets/Sprites/Tiles/144_80.png using Guid(8bc3b93e246c11146b254724dd924c4c) Importer(815301076,1909f56bfc062723c751e8b465ee728b)  -> (artifact id: '6a557739b4c8edb27a9570691bbe7769') in 0.018657 seconds
Number of updated asset objects reloaded before import = 0
Number of asset objects unloaded after import = 3
========================================================================
Received Import Request.
  Time since last request: 0.237052 seconds.
  path: Assets/Sprites/Tiles/160_16.png
  artifactKey: Guid(14e7af6b824954348b5666d0983a7e3d) Importer(815301076,1909f56bfc062723c751e8b465ee728b)
Start importing Assets/Sprites/Tiles/160_16.png using Guid(14e7af6b824954348b5666d0983a7e3d) Importer(815301076,1909f56bfc062723c751e8b465ee728b)  -> (artifact id: 'ab08ffafa56ce63ee1660efe5b9ae834') in 0.022380 seconds
Number of updated asset objects reloaded before import = 0
Number of asset objects unloaded after import = 3
========================================================================
Received Import Request.
  Time since last request: 0.000020 seconds.
  path: Assets/Sprites/Tiles/160_160.png
  artifactKey: Guid(7fc051b17025e2d49a6a2f5b34ddea5b) Importer(815301076,1909f56bfc062723c751e8b465ee728b)
Start importing Assets/Sprites/Tiles/160_160.png using Guid(7fc051b17025e2d49a6a2f5b34ddea5b) Importer(815301076,1909f56bfc062723c751e8b465ee728b)  -> (artifact id: 'a982e7a2be4ae64e037b1fd0f1e4b3a4') in 0.017144 seconds
Number of updated asset objects reloaded before import = 0
Number of asset objects unloaded after import = 3
========================================================================
Received Import Request.
  Time since last request: 0.036078 seconds.
  path: Assets/Sprites/Tiles/160_224.png
  artifactKey: Guid(522c0991cad5d724a8b83098db825907) Importer(815301076,1909f56bfc062723c751e8b465ee728b)
Start importing Assets/Sprites/Tiles/160_224.png using Guid(522c0991cad5d724a8b83098db825907) Importer(815301076,1909f56bfc062723c751e8b465ee728b)  -> (artifact id: '4c2e35b580135edae53b74246346d2e8') in 0.025709 seconds
Number of updated asset objects reloaded before import = 0
Number of asset objects unloaded after import = 3
========================================================================
Received Import Request.
  Time since last request: 0.000187 seconds.
  path: Assets/Sprites/Tiles/176_112.png
  artifactKey: Guid(8bb9c6aabfafb4744bb8620fe0700853) Importer(815301076,1909f56bfc062723c751e8b465ee728b)
Start importing Assets/Sprites/Tiles/176_112.png using Guid(8bb9c6aabfafb4744bb8620fe0700853) Importer(815301076,1909f56bfc062723c751e8b465ee728b)  -> (artifact id: '9fa54881337e5e8b79903e9817fc5973') in 0.016354 seconds
Number of updated asset objects reloaded before import = 0
Number of asset objects unloaded after import = 3
========================================================================
Received Import Request.
  Time since last request: 0.011000 seconds.
  path: Assets/Sprites/Tiles/176_224.png
  artifactKey: Guid(dff7872a48251464685b3b9030725f4a) Importer(815301076,1909f56bfc062723c751e8b465ee728b)
Start importing Assets/Sprites/Tiles/176_224.png using Guid(dff7872a48251464685b3b9030725f4a) Importer(815301076,1909f56bfc062723c751e8b465ee728b)  -> (artifact id: '905e41b90e549de5293a3145d27ece19') in 0.018808 seconds
Number of updated asset objects reloaded before import = 0
Number of asset objects unloaded after import = 3
========================================================================
Received Import Request.
  Time since last request: 0.000016 seconds.
  path: Assets/Sprites/Tiles/192_144.png
  artifactKey: Guid(3f9c5fc326a1c984b937e44280fa9f1c) Importer(815301076,1909f56bfc062723c751e8b465ee728b)
Start importing Assets/Sprites/Tiles/192_144.png using Guid(3f9c5fc326a1c984b937e44280fa9f1c) Importer(815301076,1909f56bfc062723c751e8b465ee728b)  -> (artifact id: 'a5599da185d80e2308dffbeb4ae1fbcf') in 0.017740 seconds
Number of updated asset objects reloaded before import = 0
Number of asset objects unloaded after import = 3
========================================================================
Received Import Request.
  Time since last request: 0.332332 seconds.
  path: Assets/Sprites/Tiles/192_160.png
  artifactKey: Guid(0b9af1a85992d644ab98ccbbeaa36394) Importer(815301076,1909f56bfc062723c751e8b465ee728b)
Start importing Assets/Sprites/Tiles/192_160.png using Guid(0b9af1a85992d644ab98ccbbeaa36394) Importer(815301076,1909f56bfc062723c751e8b465ee728b)  -> (artifact id: 'defb010123dbdf79c6b400f353228e0e') in 0.021045 seconds
Number of updated asset objects reloaded before import = 0
Number of asset objects unloaded after import = 3
========================================================================
Received Import Request.
  Time since last request: 0.000055 seconds.
  path: Assets/Sprites/Tiles/208_16.png
  artifactKey: Guid(51564e00e14358b409d7a6bdfb497160) Importer(815301076,1909f56bfc062723c751e8b465ee728b)
Start importing Assets/Sprites/Tiles/208_16.png using Guid(51564e00e14358b409d7a6bdfb497160) Importer(815301076,1909f56bfc062723c751e8b465ee728b)  -> (artifact id: '20df3a7491dd8b1f8b5b29cb95d3736e') in 0.017989 seconds
Number of updated asset objects reloaded before import = 0
Number of asset objects unloaded after import = 3
========================================================================
Received Import Request.
  Time since last request: 0.011740 seconds.
  path: Assets/Sprites/Tiles/208_176.png
  artifactKey: Guid(1882d4db0799d9c458b4af1e63bd7a4c) Importer(815301076,1909f56bfc062723c751e8b465ee728b)
Start importing Assets/Sprites/Tiles/208_176.png using Guid(1882d4db0799d9c458b4af1e63bd7a4c) Importer(815301076,1909f56bfc062723c751e8b465ee728b)  -> (artifact id: '938178735d7e94a740a9c8e619578809') in 0.016006 seconds
Number of updated asset objects reloaded before import = 0
Number of asset objects unloaded after import = 3
========================================================================
Received Import Request.
  Time since last request: 132.512556 seconds.
  path: Assets/Sprites/PC Computer - Katana ZERO - Apartment Hallway.png
  artifactKey: Guid(ce2808e3149134e468d2fc5e5957ed2a) Importer(815301076,1909f56bfc062723c751e8b465ee728b)
Start importing Assets/Sprites/PC Computer - Katana ZERO - Apartment Hallway.png using Guid(ce2808e3149134e468d2fc5e5957ed2a) Importer(815301076,1909f56bfc062723c751e8b465ee728b)  -> (artifact id: '52eb8c0c4e7496cb209fcb3634b6a829') in 0.026411 seconds
Number of updated asset objects reloaded before import = 0
Number of asset objects unloaded after import = 3
========================================================================
Received Import Request.
  Time since last request: 225.632855 seconds.
  path: Assets/Sprites/forest-nature-fantasy-tileset-free
  artifactKey: Guid(2641e2871d7173f49899d3b1e0727d39) Importer(815301076,1909f56bfc062723c751e8b465ee728b)
Start importing Assets/Sprites/forest-nature-fantasy-tileset-free using Guid(2641e2871d7173f49899d3b1e0727d39) Importer(815301076,1909f56bfc062723c751e8b465ee728b)  -> (artifact id: 'd4ec1caf6f7b4f6761b55840eaefc3a4') in 0.000538 seconds
Number of updated asset objects reloaded before import = 0
Number of asset objects unloaded after import = 0
========================================================================
Received Import Request.
  Time since last request: 1.798180 seconds.
  path: Assets/Sprites/forest-nature-fantasy-tileset-free/Fantasy Swamp Forest
  artifactKey: Guid(d744759531eb0d54b98e49734799a5aa) Importer(815301076,1909f56bfc062723c751e8b465ee728b)
Start importing Assets/Sprites/forest-nature-fantasy-tileset-free/Fantasy Swamp Forest using Guid(d744759531eb0d54b98e49734799a5aa) Importer(815301076,1909f56bfc062723c751e8b465ee728b)  -> (artifact id: 'a30229de6fd6dba126853a8d677fe1c3') in 0.000466 seconds
Number of updated asset objects reloaded before import = 0
Number of asset objects unloaded after import = 0
========================================================================
Received Import Request.
  Time since last request: 0.903127 seconds.
  path: Assets/Sprites/forest-nature-fantasy-tileset-free/Fantasy Swamp Forest/Free
  artifactKey: Guid(ca57b1eea3b375445a7d96495e9bc29d) Importer(815301076,1909f56bfc062723c751e8b465ee728b)
Start importing Assets/Sprites/forest-nature-fantasy-tileset-free/Fantasy Swamp Forest/Free using Guid(ca57b1eea3b375445a7d96495e9bc29d) Importer(815301076,1909f56bfc062723c751e8b465ee728b)  -> (artifact id: 'c4e588ceac7221affd16fc3efc7747d8') in 0.000468 seconds
Number of updated asset objects reloaded before import = 0
Number of asset objects unloaded after import = 0
========================================================================
Received Import Request.
  Time since last request: 0.108758 seconds.
  path: Assets/Sprites/forest-nature-fantasy-tileset-free/Fantasy Swamp Forest/Free/Free.png
  artifactKey: Guid(921c0f26277b82f4588e383473095550) Importer(815301076,1909f56bfc062723c751e8b465ee728b)
Start importing Assets/Sprites/forest-nature-fantasy-tileset-free/Fantasy Swamp Forest/Free/Free.png using Guid(921c0f26277b82f4588e383473095550) Importer(815301076,1909f56bfc062723c751e8b465ee728b)  -> (artifact id: 'ddc2e8ca4f202aca0bc926e5c5ae4941') in 0.088544 seconds
Number of updated asset objects reloaded before import = 0
Number of asset objects unloaded after import = 3
========================================================================
Received Import Request.
  Time since last request: 35.675928 seconds.
  path: Assets/Sprites/forest-nature-fantasy-tileset-free/Fantasy Swamp Forest/Free/Terrain-and-Props-OLD.png
  artifactKey: Guid(ee8c14af6cd21ce4296dd17881d39376) Importer(815301076,1909f56bfc062723c751e8b465ee728b)
Start importing Assets/Sprites/forest-nature-fantasy-tileset-free/Fantasy Swamp Forest/Free/Terrain-and-Props-OLD.png using Guid(ee8c14af6cd21ce4296dd17881d39376) Importer(815301076,1909f56bfc062723c751e8b465ee728b)  -> (artifact id: '9575cff803e2412b2ae5b29f0fd380fe') in 0.031874 seconds
Number of updated asset objects reloaded before import = 0
Number of asset objects unloaded after import = 2
========================================================================
Received Import Request.
  Time since last request: 15.322960 seconds.
  path: Assets/Sprites/forest-nature-fantasy-tileset-free/Fantasy Swamp Forest/Free/Terrain_and_Props.png
  artifactKey: Guid(fe4be0c50cb899641af1aced95f529ba) Importer(815301076,1909f56bfc062723c751e8b465ee728b)
Start importing Assets/Sprites/forest-nature-fantasy-tileset-free/Fantasy Swamp Forest/Free/Terrain_and_Props.png using Guid(fe4be0c50cb899641af1aced95f529ba) Importer(815301076,1909f56bfc062723c751e8b465ee728b)  -> (artifact id: 'a1f26708b6449e696b4425d3e7fa3277') in 0.016955 seconds
Number of updated asset objects reloaded before import = 0
Number of asset objects unloaded after import = 2
========================================================================
Received Import Request.
  Time since last request: 7.576747 seconds.
  path: Assets/Sprites/Materials
  artifactKey: Guid(ab032632f1f63ca48a536e92167146cb) Importer(815301076,1909f56bfc062723c751e8b465ee728b)
Start importing Assets/Sprites/Materials using Guid(ab032632f1f63ca48a536e92167146cb) Importer(815301076,1909f56bfc062723c751e8b465ee728b)  -> (artifact id: '5e71e44d27a9f9d0aa3d5937d0e90881') in 0.000515 seconds
Number of updated asset objects reloaded before import = 0
Number of asset objects unloaded after import = 0
========================================================================
Received Import Request.
  Time since last request: 144.208896 seconds.
  path: Assets/Sprites/Free Pixel Art Forest/PlayStation - Castlevania Symphony of the Night - Colosseum.png
  artifactKey: Guid(09139e8f1c6660448a24b10fe7f58cad) Importer(815301076,1909f56bfc062723c751e8b465ee728b)
Start importing Assets/Sprites/Free Pixel Art Forest/PlayStation - Castlevania Symphony of the Night - Colosseum.png using Guid(09139e8f1c6660448a24b10fe7f58cad) Importer(815301076,1909f56bfc062723c751e8b465ee728b)  -> (artifact id: '9516d2a4d20016dd24b15287ef94bdf2') in 0.046169 seconds
Number of updated asset objects reloaded before import = 0
Number of asset objects unloaded after import = 3
========================================================================
Received Import Request.
  Time since last request: 14.707010 seconds.
  path: Assets/Sprites/Free Pixel Art Forest/PlayStation - Castlevania Symphony of the Night - Colosseum.png
  artifactKey: Guid(09139e8f1c6660448a24b10fe7f58cad) Importer(815301076,1909f56bfc062723c751e8b465ee728b)
Start importing Assets/Sprites/Free Pixel Art Forest/PlayStation - Castlevania Symphony of the Night - Colosseum.png using Guid(09139e8f1c6660448a24b10fe7f58cad) Importer(815301076,1909f56bfc062723c751e8b465ee728b)  -> (artifact id: '97a56971bed704c2da5fd7a10e1845b6') in 0.018318 seconds
Number of updated asset objects reloaded before import = 0
Number of asset objects unloaded after import = 2
========================================================================
Received Import Request.
  Time since last request: 300.282597 seconds.
  path: Assets/Sprites/dungeon_sidescroller-Raou
  artifactKey: Guid(8a19db5747ac35348bacb0c651b80586) Importer(815301076,1909f56bfc062723c751e8b465ee728b)
Start importing Assets/Sprites/dungeon_sidescroller-Raou using Guid(8a19db5747ac35348bacb0c651b80586) Importer(815301076,1909f56bfc062723c751e8b465ee728b)  -> (artifact id: 'eb36950f8b588a194ad2f2ea28f7f14e') in 0.000563 seconds
Number of updated asset objects reloaded before import = 0
Number of asset objects unloaded after import = 0
========================================================================
Received Import Request.
  Time since last request: 0.113563 seconds.
  path: Assets/Sprites/dungeon_sidescroller-Raou/spr_torch.png
  artifactKey: Guid(42ce72012a9d6fd47829dc513b8b556d) Importer(815301076,1909f56bfc062723c751e8b465ee728b)
Start importing Assets/Sprites/dungeon_sidescroller-Raou/spr_torch.png using Guid(42ce72012a9d6fd47829dc513b8b556d) Importer(815301076,1909f56bfc062723c751e8b465ee728b)  -> (artifact id: '0163b6941aecbdcbb217ff61c7f62db9') in 0.016643 seconds
Number of updated asset objects reloaded before import = 0
Number of asset objects unloaded after import = 3
========================================================================
Received Import Request.
  Time since last request: 12.614644 seconds.
  path: Assets/Sprites/dungeon_sidescroller-Raou/Tilesetv3.png
  artifactKey: Guid(52713e9727a972c498a5fcbfab161359) Importer(815301076,1909f56bfc062723c751e8b465ee728b)
Start importing Assets/Sprites/dungeon_sidescroller-Raou/Tilesetv3.png using Guid(52713e9727a972c498a5fcbfab161359) Importer(815301076,1909f56bfc062723c751e8b465ee728b)  -> (artifact id: 'ecaa6f360fb79a022783f1946698c286') in 0.025757 seconds
Number of updated asset objects reloaded before import = 0
Number of asset objects unloaded after import = 3
========================================================================
Received Import Request.
  Time since last request: 11.822484 seconds.
  path: Assets/Sprites/dungeon_sidescroller-Raou/Tilesetv3.png
  artifactKey: Guid(52713e9727a972c498a5fcbfab161359) Importer(815301076,1909f56bfc062723c751e8b465ee728b)
Start importing Assets/Sprites/dungeon_sidescroller-Raou/Tilesetv3.png using Guid(52713e9727a972c498a5fcbfab161359) Importer(815301076,1909f56bfc062723c751e8b465ee728b)  -> (artifact id: 'ca0824d0f6bf511e47998f83330b6726') in 0.028335 seconds
Number of updated asset objects reloaded before import = 0
Number of asset objects unloaded after import = 2
========================================================================
Received Import Request.
  Time since last request: 39.064451 seconds.
  path: Assets/Sprites/dungeon_sidescroller-Raou/Tilesetv3.png
  artifactKey: Guid(52713e9727a972c498a5fcbfab161359) Importer(815301076,1909f56bfc062723c751e8b465ee728b)
Start importing Assets/Sprites/dungeon_sidescroller-Raou/Tilesetv3.png using Guid(52713e9727a972c498a5fcbfab161359) Importer(815301076,1909f56bfc062723c751e8b465ee728b)  -> (artifact id: 'a04a45f2d2c93c54724cddf1f7ec9344') in 0.991967 seconds
Number of updated asset objects reloaded before import = 0
Number of asset objects unloaded after import = 694
========================================================================
Received Import Request.
  Time since last request: 301.628830 seconds.
  path: Assets/Sprites/Free Pixel Art Forest/japan-neighborhood-pixel-art-platformer-tileset-basic
  artifactKey: Guid(d3ff09ecb0dda284a936c6d933aae232) Importer(815301076,1909f56bfc062723c751e8b465ee728b)
Start importing Assets/Sprites/Free Pixel Art Forest/japan-neighborhood-pixel-art-platformer-tileset-basic using Guid(d3ff09ecb0dda284a936c6d933aae232) Importer(815301076,1909f56bfc062723c751e8b465ee728b)  -> (artifact id: 'a5cd1cd114ae81ae702a529a33dd4719') in 0.000575 seconds
Number of updated asset objects reloaded before import = 0
Number of asset objects unloaded after import = 0
========================================================================
Received Import Request.
  Time since last request: 0.282115 seconds.
  path: Assets/Sprites/Free Pixel Art Forest/japan-neighborhood-pixel-art-platformer-tileset-basic/Background.png
  artifactKey: Guid(9d8d76538fb42eb49b7c9d08af4b8257) Importer(815301076,1909f56bfc062723c751e8b465ee728b)
Start importing Assets/Sprites/Free Pixel Art Forest/japan-neighborhood-pixel-art-platformer-tileset-basic/Background.png using Guid(9d8d76538fb42eb49b7c9d08af4b8257) Importer(815301076,1909f56bfc062723c751e8b465ee728b)  -> (artifact id: '949d5762a3f8bf4fa733dc30fdaa0a5f') in 0.021443 seconds
Number of updated asset objects reloaded before import = 0
Number of asset objects unloaded after import = 3
========================================================================
Received Import Request.
  Time since last request: 0.000015 seconds.
  path: Assets/Sprites/Free Pixel Art Forest/japan-neighborhood-pixel-art-platformer-tileset-basic/Sky.png
  artifactKey: Guid(03f36648a25500f4fba81fdb2c41056e) Importer(815301076,1909f56bfc062723c751e8b465ee728b)
Start importing Assets/Sprites/Free Pixel Art Forest/japan-neighborhood-pixel-art-platformer-tileset-basic/Sky.png using Guid(03f36648a25500f4fba81fdb2c41056e) Importer(815301076,1909f56bfc062723c751e8b465ee728b)  -> (artifact id: '417ad35d332d8f76fbd0da834c5ef266') in 0.020995 seconds
Number of updated asset objects reloaded before import = 0
Number of asset objects unloaded after import = 3
========================================================================
Received Import Request.
  Time since last request: 15.019950 seconds.
  path: Assets/AnimMega/47febfd79d3f18e3a61c01aa806db753.gif
  artifactKey: Guid(4bd1c061a216d644e969d4313fe33fff) Importer(815301076,1909f56bfc062723c751e8b465ee728b)
Start importing Assets/AnimMega/47febfd79d3f18e3a61c01aa806db753.gif using Guid(4bd1c061a216d644e969d4313fe33fff) Importer(815301076,1909f56bfc062723c751e8b465ee728b)  -> (artifact id: '52a6e8d8b1b58920df2e84ee2fd0c872') in 0.522412 seconds
Number of updated asset objects reloaded before import = 0
Number of asset objects unloaded after import = 121
========================================================================
Received Import Request.
  Time since last request: 250.579944 seconds.
  path: Assets/Dark_Forest/Scene
  artifactKey: Guid(335352e714f06b546abe656e7232e6ba) Importer(815301076,1909f56bfc062723c751e8b465ee728b)
Start importing Assets/Dark_Forest/Scene using Guid(335352e714f06b546abe656e7232e6ba) Importer(815301076,1909f56bfc062723c751e8b465ee728b)  -> (artifact id: '6ce409ffe2cc6db48c4c6c606c5426f5') in 0.000665 seconds
Number of updated asset objects reloaded before import = 0
Number of asset objects unloaded after import = 0
========================================================================
Received Import Request.
  Time since last request: 84.644418 seconds.
  path: Assets/Dark_Forest/Sprites
  artifactKey: Guid(53b18ec03c58d014facad036cb3af20b) Importer(815301076,1909f56bfc062723c751e8b465ee728b)
Start importing Assets/Dark_Forest/Sprites using Guid(53b18ec03c58d014facad036cb3af20b) Importer(815301076,1909f56bfc062723c751e8b465ee728b)  -> (artifact id: '288af21f03d6e20fc72ac61dc922a802') in 0.000483 seconds
Number of updated asset objects reloaded before import = 0
Number of asset objects unloaded after import = 0
========================================================================
Received Import Request.
  Time since last request: 0.137211 seconds.
  path: Assets/Dark_Forest/Sprites/bgrd_tree1.png
  artifactKey: Guid(de3df8bfabc7d93479736fa4c153cb5d) Importer(815301076,1909f56bfc062723c751e8b465ee728b)
Start importing Assets/Dark_Forest/Sprites/bgrd_tree1.png using Guid(de3df8bfabc7d93479736fa4c153cb5d) Importer(815301076,1909f56bfc062723c751e8b465ee728b)  -> (artifact id: 'ec335205819ddc291e8a25496e93f8ed') in 0.027352 seconds
Number of updated asset objects reloaded before import = 0
Number of asset objects unloaded after import = 3
========================================================================
Received Import Request.
  Time since last request: 0.000300 seconds.
  path: Assets/Dark_Forest/Sprites/main_background.png
  artifactKey: Guid(18d1ddd5985afab43a3a8300d1a01faf) Importer(815301076,1909f56bfc062723c751e8b465ee728b)
Start importing Assets/Dark_Forest/Sprites/main_background.png using Guid(18d1ddd5985afab43a3a8300d1a01faf) Importer(815301076,1909f56bfc062723c751e8b465ee728b)  -> (artifact id: '53ea6bc1ab8eaf4ec439e4a1c6a22779') in 0.024521 seconds
Number of updated asset objects reloaded before import = 0
Number of asset objects unloaded after import = 3
========================================================================
Received Import Request.
  Time since last request: 0.000019 seconds.
  path: Assets/Dark_Forest/Sprites/castle_env.png
  artifactKey: Guid(5251b297217deb84b9c615310cbdccdc) Importer(815301076,1909f56bfc062723c751e8b465ee728b)
Start importing Assets/Dark_Forest/Sprites/castle_env.png using Guid(5251b297217deb84b9c615310cbdccdc) Importer(815301076,1909f56bfc062723c751e8b465ee728b)  -> (artifact id: 'b63ff6fa66bf5c76a534e806fbf6a68f') in 0.028572 seconds
Number of updated asset objects reloaded before import = 0
Number of asset objects unloaded after import = 3
========================================================================
Received Import Request.
  Time since last request: 0.000018 seconds.
  path: Assets/Dark_Forest/Sprites/wood_env.png
  artifactKey: Guid(90798b7f4ae8bea479a1995c488bb177) Importer(815301076,1909f56bfc062723c751e8b465ee728b)
Start importing Assets/Dark_Forest/Sprites/wood_env.png using Guid(90798b7f4ae8bea479a1995c488bb177) Importer(815301076,1909f56bfc062723c751e8b465ee728b)  -> (artifact id: '9c9ec4467c9bbb7f048fd05375e7cc4f') in 0.022836 seconds
Number of updated asset objects reloaded before import = 0
Number of asset objects unloaded after import = 3
========================================================================
Received Import Request.
  Time since last request: 0.000018 seconds.
  path: Assets/Dark_Forest/Sprites/bgrd_tree3.png
  artifactKey: Guid(9615eb05c38a5024da20b41889bf96d4) Importer(815301076,1909f56bfc062723c751e8b465ee728b)
Start importing Assets/Dark_Forest/Sprites/bgrd_tree3.png using Guid(9615eb05c38a5024da20b41889bf96d4) Importer(815301076,1909f56bfc062723c751e8b465ee728b)  -> (artifact id: 'd780bf64f3aab8b089fa77ef45c4c6de') in 0.019173 seconds
Number of updated asset objects reloaded before import = 0
Number of asset objects unloaded after import = 3
========================================================================
Received Import Request.
  Time since last request: 0.000351 seconds.
  path: Assets/Dark_Forest/Sprites/env_ground.png
  artifactKey: Guid(532d89cce32ef33469a10c43c44556ea) Importer(815301076,1909f56bfc062723c751e8b465ee728b)
Start importing Assets/Dark_Forest/Sprites/env_ground.png using Guid(532d89cce32ef33469a10c43c44556ea) Importer(815301076,1909f56bfc062723c751e8b465ee728b)  -> (artifact id: '5e84e51b9522fd3830d906c71fb972db') in 0.022126 seconds
Number of updated asset objects reloaded before import = 0
Number of asset objects unloaded after import = 3
========================================================================
Received Import Request.
  Time since last request: 0.000018 seconds.
  path: Assets/Dark_Forest/Sprites/decorative_obj.png
  artifactKey: Guid(120d8d95c9fd212499279a73119505aa) Importer(815301076,1909f56bfc062723c751e8b465ee728b)
Start importing Assets/Dark_Forest/Sprites/decorative_obj.png using Guid(120d8d95c9fd212499279a73119505aa) Importer(815301076,1909f56bfc062723c751e8b465ee728b)  -> (artifact id: 'a9deb3b346c5cf16a496a10069ea980b') in 0.023671 seconds
Number of updated asset objects reloaded before import = 0
Number of asset objects unloaded after import = 3
